0001_0037_0024_0054_0054.jpg 1 37 24 54 54
0002_0032_0012_0032_0032.jpg 1 32 12 32 32
0003_0030_0038_0029_0029.jpg 1 30 38 29 29
0004_0013_0016_0052_0052.jpg 1 13 16 52 52
0005_0028_0015_0064_0064.jpg 1 28 15 64 64
0006_0054_0017_0025_0025.jpg 1 54 17 25 25
0007_0020_0032_0060_0060.jpg 1 20 32 60 60
0008_0007_0017_0068_0068.jpg 1 7 17 68 68
0009_0039_0065_0024_0024.jpg 1 39 65 24 24
0010_0020_0019_0060_0060.jpg 1 20 19 60 60
0011_0020_0024_0040_0040.jpg 1 20 24 40 40
0012_0019_0016_0041_0041.jpg 1 19 16 41 41
0013_0026_0012_0051_0051.jpg 1 26 12 51 51
0014_0029_0013_0057_0057.jpg 1 29 13 57 57
0015_0029_0022_0066_0066.jpg 1 29 22 66 66
0016_0036_0024_0045_0045.jpg 1 36 24 45 45
0017_0032_0060_0032_0032.jpg 1 32 60 32 32
0018_0059_0058_0033_0033.jpg 1 59 58 33 33
0019_0048_0009_0029_0029.jpg 1 48 9 29 29
0020_0038_0017_0054_0054.jpg 1 38 17 54 54
0021_0058_0027_0031_0031.jpg 1 58 27 31 31
0022_0017_0009_0054_0054.jpg 1 17 9 54 54
0023_0027_0029_0056_0056.jpg 1 27 29 56 56
0024_0005_0014_0055_0055.jpg 1 5 14 55 55
0025_0050_0041_0030_0030.jpg 1 50 41 30 30
0026_0008_0024_0063_0063.jpg 1 8 24 63 63
0027_0021_0046_0030_0030.jpg 1 21 46 30 30
0028_0041_0023_0053_0053.jpg 1 41 23 53 53
0029_0010_0057_0025_0025.jpg 1 10 57 25 25
0030_0050_0035_0040_0040.jpg 1 50 35 40 40
0031_0015_0009_0051_0051.jpg 1 15 9 51 51
0032_0054_0038_0029_0029.jpg 1 54 38 29 29
0033_0017_0010_0059_0059.jpg 1 17 10 59 59
0034_0025_0014_0068_0068.jpg 1 25 14 68 68
0035_0032_0064_0028_0028.jpg 1 32 64 28 28
0036_0059_0007_0032_0032.jpg 1 59 7 32 32
0037_0011_0056_0025_0025.jpg 1 11 56 25 25
0038_0042_0036_0025_0025.jpg 1 42 36 25 25
0039_0013_0045_0037_0037.jpg 1 13 45 37 37
0040_0031_0028_0032_0032.jpg 1 31 28 32 32
0041_0046_0035_0041_0041.jpg 1 46 35 41 41
0042_0035_0042_0048_0048.jpg 1 35 42 48 48
0043_0015_0006_0063_0063.jpg 1 15 6 63 63
0044_0039_0048_0030_0030.jpg 1 39 48 30 30
0045_0005_0021_0056_0056.jpg 1 5 21 56 56
0046_0035_0008_0048_0048.jpg 1 35 8 48 48
0047_0010_0035_0034_0034.jpg 1 10 35 34 34
0048_0005_0009_0057_0057.jpg 1 5 9 57 57
0049_0041_0056_0032_0032.jpg 1 41 56 32 32
0050_0010_0033_0034_0034.jpg 1 10 33 34 34
0051_0011_0035_0052_0052.jpg 1 11 35 52 52
0052_0010_0010_0058_0058.jpg 1 10 10 58 58
0053_0005_0011_0053_0053.jpg 1 5 11 53 53
0054_0013_0030_0055_0055.jpg 1 13 30 55 55
0055_0028_0033_0047_0047.jpg 1 28 33 47 47
0056_0008_0031_0057_0057.jpg 1 8 31 57 57
0057_0056_0008_0034_0034.jpg 1 56 8 34 34
0058_0016_0045_0045_0045.jpg 1 16 45 45 45
0059_0014_0018_0033_0033.jpg 1 14 18 33 33
0060_0008_0028_0068_0068.jpg 1 8 28 68 68
0061_0028_0033_0055_0055.jpg 1 28 33 55 55
0062_0037_0026_0051_0051.jpg 1 37 26 51 51
0063_0034_0023_0038_0038.jpg 1 34 23 38 38
0064_0010_0046_0034_0034.jpg 1 10 46 34 34
0065_0023_0019_0060_0060.jpg 1 23 19 60 60
0066_0034_0025_0056_0056.jpg 1 34 25 56 56
0067_0023_0016_0046_0046.jpg 1 23 16 46 46
0068_0026_0050_0029_0029.jpg 1 26 50 29 29
0069_0030_0006_0046_0046.jpg 1 30 6 46 46
0070_0045_0018_0036_0036.jpg 1 45 18 36 36
0071_0019_0025_0039_0039.jpg 1 19 25 39 39
0072_0036_0011_0050_0050.jpg 1 36 11 50 50
0073_0008_0008_0068_0068.jpg 1 8 8 68 68
0074_0059_0037_0029_0029.jpg 1 59 37 29 29
0075_0035_0029_0035_0035.jpg 1 35 29 35 35
0076_0009_0018_0030_0030.jpg 1 9 18 30 30
0077_0003_0014_0064_0064.jpg 1 3 14 64 64
0078_0031_0033_0038_0038.jpg 1 31 33 38 38
0079_0010_0037_0051_0051.jpg 1 10 37 51 51
0080_0035_0023_0052_0052.jpg 1 35 23 52 52
0081_0006_0006_0062_0062.jpg 1 6 6 62 62
0082_0020_0021_0065_0065.jpg 1 20 21 65 65
0083_0056_0022_0031_0031.jpg 1 56 22 31 31
0084_0042_0043_0038_0038.jpg 1 42 43 38 38
0085_0009_0016_0056_0056.jpg 1 9 16 56 56
0086_0005_0028_0059_0059.jpg 1 5 28 59 59
0087_0058_0036_0034_0034.jpg 1 58 36 34 34
0088_0017_0061_0026_0026.jpg 1 17 61 26 26
0089_0020_0019_0060_0060.jpg 1 20 19 60 60
0090_0015_0024_0026_0026.jpg 1 15 24 26 26
0091_0009_0025_0052_0052.jpg 1 9 25 52 52
0092_0021_0010_0066_0066.jpg 1 21 10 66 66
0093_0041_0058_0031_0031.jpg 1 41 58 31 31
0094_0022_0034_0037_0037.jpg 1 22 34 37 37
0095_0050_0055_0028_0028.jpg 1 50 55 28 28
0096_0009_0025_0043_0043.jpg 1 9 25 43 43
0097_0026_0035_0025_0025.jpg 1 26 35 25 25
0098_0013_0054_0033_0033.jpg 1 13 54 33 33
0099_0013_0014_0051_0051.jpg 1 13 14 51 51
0100_0020_0032_0062_0062.jpg 1 20 32 62 62
0101_0005_0008_0044_0044.jpg 1 5 8 44 44
0102_0041_0037_0050_0050.jpg 1 41 37 50 50
0103_0016_0019_0061_0061.jpg 1 16 19 61 61
0104_0023_0013_0048_0048.jpg 1 23 13 48 48
0105_0040_0029_0034_0034.jpg 1 40 29 34 34
0106_0007_0023_0057_0057.jpg 1 7 23 57 57
0107_0026_0043_0049_0049.jpg 1 26 43 49 49
0108_0040_0025_0038_0038.jpg 1 40 25 38 38
0109_0026_0010_0067_0067.jpg 1 26 10 67 67
0110_0038_0044_0040_0040.jpg 1 38 44 40 40
0111_0055_0018_0036_0036.jpg 1 55 18 36 36
0112_0018_0051_0027_0027.jpg 1 18 51 27 27
0113_0011_0033_0058_0058.jpg 1 11 33 58 58
0114_0029_0029_0058_0058.jpg 1 29 29 58 58
0115_0029_0024_0062_0062.jpg 1 29 24 62 62
0116_0011_0037_0053_0053.jpg 1 11 37 53 53
0117_0013_0010_0051_0051.jpg 1 13 10 51 51
0118_0020_0018_0039_0039.jpg 1 20 18 39 39
0119_0005_0024_0055_0055.jpg 1 5 24 55 55
0120_0007_0030_0049_0049.jpg 1 7 30 49 49
0121_0006_0007_0058_0058.jpg 1 6 7 58 58
0122_0038_0012_0041_0041.jpg 1 38 12 41 41
0123_0050_0015_0024_0024.jpg 1 50 15 24 24
0124_0015_0048_0026_0026.jpg 1 15 48 26 26
0125_0039_0008_0052_0052.jpg 1 39 8 52 52
0126_0049_0038_0039_0039.jpg 1 49 38 39 39
0127_0027_0038_0037_0037.jpg 1 27 38 37 37
0128_0006_0029_0064_0064.jpg 1 6 29 64 64
0129_0011_0014_0064_0064.jpg 1 11 14 64 64
0130_0023_0021_0035_0035.jpg 1 23 21 35 35
0131_0009_0014_0036_0036.jpg 1 9 14 36 36
0132_0014_0035_0060_0060.jpg 1 14 35 60 60
0133_0016_0045_0039_0039.jpg 1 16 45 39 39
0134_0047_0039_0039_0039.jpg 1 47 39 39 39
0135_0010_0044_0047_0047.jpg 1 10 44 47 47
0136_0012_0012_0025_0025.jpg 1 12 12 25 25
0137_0050_0005_0043_0043.jpg 1 50 5 43 43
0138_0032_0049_0039_0039.jpg 1 32 49 39 39
0139_0027_0021_0066_0066.jpg 1 27 21 66 66
0140_0006_0036_0044_0044.jpg 1 6 36 44 44
0141_0005_0009_0068_0068.jpg 1 5 9 68 68
0142_0033_0049_0031_0031.jpg 1 33 49 31 31
0143_0028_0020_0065_0065.jpg 1 28 20 65 65
0144_0026_0055_0032_0032.jpg 1 26 55 32 32
0145_0027_0008_0050_0050.jpg 1 27 8 50 50
0146_0057_0025_0027_0027.jpg 1 57 25 27 27
0147_0043_0038_0045_0045.jpg 1 43 38 45 45
0148_0022_0063_0029_0029.jpg 1 22 63 29 29
0149_0037_0012_0034_0034.jpg 1 37 12 34 34
0150_0032_0020_0030_0030.jpg 1 32 20 30 30
0151_0028_0021_0031_0031.jpg 1 28 21 31 31
0152_0023_0054_0031_0031.jpg 1 23 54 31 31
0153_0049_0061_0025_0025.jpg 1 49 61 25 25
0154_0020_0005_0068_0068.jpg 1 20 5 68 68
0155_0043_0035_0049_0049.jpg 1 43 35 49 49
0156_0013_0009_0031_0031.jpg 1 13 9 31 31
0157_0056_0046_0033_0033.jpg 1 56 46 33 33
0158_0034_0043_0050_0050.jpg 1 34 43 50 50
0159_0014_0042_0038_0038.jpg 1 14 42 38 38
0160_0031_0005_0059_0059.jpg 1 31 5 59 59
0161_0022_0032_0047_0047.jpg 1 22 32 47 47
0162_0017_0015_0048_0048.jpg 1 17 15 48 48
0163_0051_0026_0035_0035.jpg 1 51 26 35 35
0164_0061_0039_0029_0029.jpg 1 61 39 29 29
0165_0033_0017_0040_0040.jpg 1 33 17 40 40
0166_0010_0013_0069_0069.jpg 1 10 13 69 69
0167_0024_0026_0061_0061.jpg 1 24 26 61 61
0168_0019_0018_0064_0064.jpg 1 19 18 64 64
0169_0026_0018_0053_0053.jpg 1 26 18 53 53
0170_0012_0035_0045_0045.jpg 1 12 35 45 45
0171_0004_0022_0062_0062.jpg 1 4 22 62 62
0172_0026_0033_0042_0042.jpg 1 26 33 42 42
0173_0008_0017_0063_0063.jpg 1 8 17 63 63
0174_0034_0016_0050_0050.jpg 1 34 16 50 50
0175_0033_0038_0031_0031.jpg 1 33 38 31 31
0176_0061_0051_0030_0030.jpg 1 61 51 30 30
0177_0038_0029_0054_0054.jpg 1 38 29 54 54
0178_0013_0042_0034_0034.jpg 1 13 42 34 34
0179_0038_0040_0045_0045.jpg 1 38 40 45 45
0180_0049_0032_0036_0036.jpg 1 49 32 36 36
0181_0027_0026_0057_0057.jpg 1 27 26 57 57
0182_0015_0008_0027_0027.jpg 1 15 8 27 27
0183_0009_0017_0063_0063.jpg 1 9 17 63 63
0184_0036_0011_0036_0036.jpg 1 36 11 36 36
0185_0044_0030_0049_0049.jpg 1 44 30 49 49
0186_0011_0023_0040_0040.jpg 1 11 23 40 40
0187_0007_0032_0044_0044.jpg 1 7 32 44 44
0188_0019_0035_0042_0042.jpg 1 19 35 42 42
0189_0021_0008_0056_0056.jpg 1 21 8 56 56
0190_0022_0010_0067_0067.jpg 1 22 10 67 67
0191_0045_0029_0037_0037.jpg 1 45 29 37 37
0192_0031_0032_0038_0038.jpg 1 31 32 38 38
0193_0031_0038_0050_0050.jpg 1 31 38 50 50
0194_0009_0053_0038_0038.jpg 1 9 53 38 38
0195_0029_0010_0044_0044.jpg 1 29 10 44 44
0196_0030_0023_0063_0063.jpg 1 30 23 63 63
0197_0035_0042_0047_0047.jpg 1 35 42 47 47
0198_0053_0042_0028_0028.jpg 1 53 42 28 28
0199_0011_0026_0066_0066.jpg 1 11 26 66 66
0200_0055_0036_0030_0030.jpg 1 55 36 30 30
0201_0047_0024_0032_0032.jpg 1 47 24 32 32
0202_0055_0062_0030_0030.jpg 1 55 62 30 30
0203_0016_0023_0039_0039.jpg 1 16 23 39 39
0204_0055_0035_0025_0025.jpg 1 55 35 25 25
0205_0028_0012_0036_0036.jpg 1 28 12 36 36
0206_0019_0032_0056_0056.jpg 1 19 32 56 56
0207_0043_0051_0038_0038.jpg 1 43 51 38 38
0208_0039_0036_0033_0033.jpg 1 39 36 33 33
0209_0024_0016_0027_0027.jpg 1 24 16 27 27
0210_0019_0027_0031_0031.jpg 1 19 27 31 31
0211_0041_0022_0048_0048.jpg 1 41 22 48 48
0212_0025_0046_0026_0026.jpg 1 25 46 26 26
0213_0024_0015_0041_0041.jpg 1 24 15 41 41
0214_0016_0010_0056_0056.jpg 1 16 10 56 56
0215_0033_0055_0025_0025.jpg 1 33 55 25 25
0216_0017_0008_0069_0069.jpg 1 17 8 69 69
0217_0044_0057_0025_0025.jpg 1 44 57 25 25
0218_0032_0056_0033_0033.jpg 1 32 56 33 33
0219_0007_0010_0068_0068.jpg 1 7 10 68 68
0220_0059_0046_0032_0032.jpg 1 59 46 32 32
0221_0014_0034_0037_0037.jpg 1 14 34 37 37
0222_0028_0016_0056_0056.jpg 1 28 16 56 56
0223_0030_0015_0061_0061.jpg 1 30 15 61 61
0224_0019_0020_0062_0062.jpg 1 19 20 62 62
0225_0038_0023_0037_0037.jpg 1 38 23 37 37
0226_0030_0008_0064_0064.jpg 1 30 8 64 64
0227_0021_0020_0067_0067.jpg 1 21 20 67 67
0228_0039_0048_0037_0037.jpg 1 39 48 37 37
0229_0036_0039_0055_0055.jpg 1 36 39 55 55
0230_0028_0044_0033_0033.jpg 1 28 44 33 33
0231_0012_0010_0036_0036.jpg 1 12 10 36 36
0232_0021_0012_0042_0042.jpg 1 21 12 42 42
0233_0019_0022_0065_0065.jpg 1 19 22 65 65
0234_0014_0012_0041_0041.jpg 1 14 12 41 41
0235_0005_0022_0061_0061.jpg 1 5 22 61 61
0236_0009_0025_0065_0065.jpg 1 9 25 65 65
0237_0014_0023_0065_0065.jpg 1 14 23 65 65
0238_0033_0016_0047_0047.jpg 1 33 16 47 47
0239_0031_0033_0033_0033.jpg 1 31 33 33 33
0240_0018_0016_0037_0037.jpg 1 18 16 37 37
0241_0028_0023_0056_0056.jpg 1 28 23 56 56
0242_0009_0018_0064_0064.jpg 1 9 18 64 64
0243_0045_0049_0044_0044.jpg 1 45 49 44 44
0244_0026_0023_0067_0067.jpg 1 26 23 67 67
0245_0021_0005_0068_0068.jpg 1 21 5 68 68
0246_0010_0039_0040_0040.jpg 1 10 39 40 40
0247_0057_0043_0029_0029.jpg 1 57 43 29 29
0248_0014_0018_0024_0024.jpg 1 14 18 24 24
0249_0033_0033_0062_0062.jpg 1 33 33 62 62
0250_0011_0005_0051_0051.jpg 1 11 5 51 51
0251_0011_0027_0064_0064.jpg 1 11 27 64 64
0252_0013_0034_0034_0034.jpg 1 13 34 34 34
0253_0021_0008_0057_0057.jpg 1 21 8 57 57
0254_0007_0027_0059_0059.jpg 1 7 27 59 59
0255_0017_0026_0051_0051.jpg 1 17 26 51 51
0256_0050_0034_0038_0038.jpg 1 50 34 38 38
0257_0013_0007_0051_0051.jpg 1 13 7 51 51
0258_0011_0034_0051_0051.jpg 1 11 34 51 51
0259_0031_0005_0061_0061.jpg 1 31 5 61 61
0260_0035_0032_0044_0044.jpg 1 35 32 44 44
0261_0018_0036_0054_0054.jpg 1 18 36 54 54
0262_0030_0042_0049_0049.jpg 1 30 42 49 49
0263_0034_0009_0054_0054.jpg 1 34 9 54 54
0264_0026_0004_0069_0069.jpg 1 26 4 69 69
0265_0015_0054_0025_0025.jpg 1 15 54 25 25
0266_0016_0047_0027_0027.jpg 1 16 47 27 27
0267_0022_0018_0045_0045.jpg 1 22 18 45 45
0268_0004_0028_0068_0068.jpg 1 4 28 68 68
0269_0005_0009_0061_0061.jpg 1 5 9 61 61
0270_0019_0008_0028_0028.jpg 1 19 8 28 28
0271_0021_0015_0067_0067.jpg 1 21 15 67 67
0272_0051_0043_0027_0027.jpg 1 51 43 27 27
0273_0054_0014_0031_0031.jpg 1 54 14 31 31
0274_0034_0047_0036_0036.jpg 1 34 47 36 36
0275_0012_0015_0042_0042.jpg 1 12 15 42 42
0276_0020_0015_0048_0048.jpg 1 20 15 48 48
0277_0014_0022_0061_0061.jpg 1 14 22 61 61
0278_0011_0018_0046_0046.jpg 1 11 18 46 46
0279_0019_0021_0065_0065.jpg 1 19 21 65 65
0280_0019_0020_0068_0068.jpg 1 19 20 68 68
0281_0036_0026_0032_0032.jpg 1 36 26 32 32
0282_0013_0007_0066_0066.jpg 1 13 7 66 66
0283_0018_0023_0047_0047.jpg 1 18 23 47 47
0284_0033_0028_0046_0046.jpg 1 33 28 46 46
0285_0007_0031_0057_0057.jpg 1 7 31 57 57
0286_0011_0043_0039_0039.jpg 1 11 43 39 39
0287_0043_0051_0042_0042.jpg 1 43 51 42 42
0288_0013_0038_0039_0039.jpg 1 13 38 39 39
0289_0012_0029_0055_0055.jpg 1 12 29 55 55
0290_0012_0033_0042_0042.jpg 1 12 33 42 42
0291_0025_0051_0039_0039.jpg 1 25 51 39 39
0292_0028_0030_0061_0061.jpg 1 28 30 61 61
0293_0016_0031_0049_0049.jpg 1 16 31 49 49
0294_0020_0011_0069_0069.jpg 1 20 11 69 69
0295_0034_0026_0044_0044.jpg 1 34 26 44 44
0296_0058_0033_0026_0026.jpg 1 58 33 26 26
0297_0004_0025_0064_0064.jpg 1 4 25 64 64
0298_0033_0033_0054_0054.jpg 1 33 33 54 54
0299_0022_0023_0055_0055.jpg 1 22 23 55 55
0300_0019_0023_0067_0067.jpg 1 19 23 67 67
0301_0017_0027_0050_0050.jpg 1 17 27 50 50
0302_0038_0021_0028_0028.jpg 1 38 21 28 28
0303_0036_0056_0034_0034.jpg 1 36 56 34 34
0304_0011_0009_0051_0051.jpg 1 11 9 51 51
0305_0023_0009_0062_0062.jpg 1 23 9 62 62
0306_0010_0009_0065_0065.jpg 1 10 9 65 65
0307_0041_0005_0052_0052.jpg 1 41 5 52 52
0308_0015_0033_0033_0033.jpg 1 15 33 33 33
0309_0032_0024_0036_0036.jpg 1 32 24 36 36
0310_0035_0043_0050_0050.jpg 1 35 43 50 50
0311_0029_0027_0049_0049.jpg 1 29 27 49 49
0312_0032_0038_0046_0046.jpg 1 32 38 46 46
0313_0017_0010_0062_0062.jpg 1 17 10 62 62
0314_0023_0036_0057_0057.jpg 1 23 36 57 57
0315_0038_0009_0053_0053.jpg 1 38 9 53 53
0316_0005_0034_0056_0056.jpg 1 5 34 56 56
0317_0056_0035_0028_0028.jpg 1 56 35 28 28
0318_0047_0040_0039_0039.jpg 1 47 40 39 39
0319_0010_0004_0065_0065.jpg 1 10 4 65 65
0320_0015_0038_0047_0047.jpg 1 15 38 47 47
0321_0038_0048_0026_0026.jpg 1 38 48 26 26
0322_0018_0023_0045_0045.jpg 1 18 23 45 45
0323_0037_0005_0048_0048.jpg 1 37 5 48 48
0324_0040_0036_0035_0035.jpg 1 40 36 35 35
0325_0023_0048_0033_0033.jpg 1 23 48 33 33
0326_0004_0013_0069_0069.jpg 1 4 13 69 69
0327_0016_0015_0048_0048.jpg 1 16 15 48 48
0328_0027_0007_0043_0043.jpg 1 27 7 43 43
0329_0032_0011_0039_0039.jpg 1 32 11 39 39
0330_0040_0030_0029_0029.jpg 1 40 30 29 29
0331_0015_0033_0043_0043.jpg 1 15 33 43 43
0332_0032_0007_0042_0042.jpg 1 32 7 42 42
0333_0056_0035_0029_0029.jpg 1 56 35 29 29
0334_0025_0008_0030_0030.jpg 1 25 8 30 30
0335_0044_0036_0047_0047.jpg 1 44 36 47 47
0336_0029_0013_0060_0060.jpg 1 29 13 60 60
0337_0035_0018_0051_0051.jpg 1 35 18 51 51
0338_0004_0009_0062_0062.jpg 1 4 9 62 62
0339_0011_0022_0064_0064.jpg 1 11 22 64 64
0340_0035_0020_0048_0048.jpg 1 35 20 48 48
0341_0015_0026_0037_0037.jpg 1 15 26 37 37
0342_0018_0049_0035_0035.jpg 1 18 49 35 35
0343_0060_0013_0030_0030.jpg 1 60 13 30 30
0344_0029_0018_0060_0060.jpg 1 29 18 60 60
0345_0038_0031_0050_0050.jpg 1 38 31 50 50
0346_0024_0013_0062_0062.jpg 1 24 13 62 62
0347_0036_0019_0035_0035.jpg 1 36 19 35 35
0348_0023_0038_0055_0055.jpg 1 23 38 55 55
0349_0030_0045_0027_0027.jpg 1 30 45 27 27
0350_0065_0035_0026_0026.jpg 1 65 35 26 26
0351_0030_0008_0059_0059.jpg 1 30 8 59 59
0352_0006_0008_0055_0055.jpg 1 6 8 55 55
0353_0034_0033_0044_0044.jpg 1 34 33 44 44
0354_0047_0030_0027_0027.jpg 1 47 30 27 27
0355_0046_0028_0035_0035.jpg 1 46 28 35 35
0356_0012_0013_0057_0057.jpg 1 12 13 57 57
0357_0034_0010_0030_0030.jpg 1 34 10 30 30
0358_0044_0058_0034_0034.jpg 1 44 58 34 34
0359_0010_0031_0060_0060.jpg 1 10 31 60 60
0360_0004_0034_0060_0060.jpg 1 4 34 60 60
0361_0053_0020_0040_0040.jpg 1 53 20 40 40
0362_0020_0025_0051_0051.jpg 1 20 25 51 51
0363_0020_0049_0045_0045.jpg 1 20 49 45 45
0364_0035_0048_0043_0043.jpg 1 35 48 43 43
0365_0013_0033_0056_0056.jpg 1 13 33 56 56
0366_0032_0024_0037_0037.jpg 1 32 24 37 37
0367_0034_0012_0059_0059.jpg 1 34 12 59 59
0368_0006_0042_0051_0051.jpg 1 6 42 51 51
0369_0035_0011_0050_0050.jpg 1 35 11 50 50
0370_0030_0022_0062_0062.jpg 1 30 22 62 62
0371_0014_0005_0046_0046.jpg 1 14 5 46 46
0372_0049_0030_0044_0044.jpg 1 49 30 44 44
0373_0050_0042_0041_0041.jpg 1 50 42 41 41
0374_0039_0006_0056_0056.jpg 1 39 6 56 56
0375_0026_0043_0034_0034.jpg 1 26 43 34 34
0376_0013_0004_0061_0061.jpg 1 13 4 61 61
0377_0048_0054_0034_0034.jpg 1 48 54 34 34
0378_0040_0013_0031_0031.jpg 1 40 13 31 31
0379_0024_0025_0066_0066.jpg 1 24 25 66 66
0380_0034_0063_0029_0029.jpg 1 34 63 29 29
0381_0056_0007_0030_0030.jpg 1 56 7 30 30
0382_0020_0005_0068_0068.jpg 1 20 5 68 68
0383_0024_0018_0067_0067.jpg 1 24 18 67 67
0384_0024_0007_0059_0059.jpg 1 24 7 59 59
0385_0031_0029_0062_0062.jpg 1 31 29 62 62
0386_0057_0048_0029_0029.jpg 1 57 48 29 29
0387_0014_0005_0053_0053.jpg 1 14 5 53 53
0388_0022_0017_0037_0037.jpg 1 22 17 37 37
0389_0016_0008_0052_0052.jpg 1 16 8 52 52
0390_0011_0026_0037_0037.jpg 1 11 26 37 37
0391_0030_0059_0033_0033.jpg 1 30 59 33 33
0392_0030_0029_0060_0060.jpg 1 30 29 60 60
0393_0007_0026_0032_0032.jpg 1 7 26 32 32
0394_0007_0038_0051_0051.jpg 1 7 38 51 51
0395_0026_0012_0066_0066.jpg 1 26 12 66 66
0396_0050_0029_0030_0030.jpg 1 50 29 30 30
0397_0014_0014_0057_0057.jpg 1 14 14 57 57
0398_0027_0023_0065_0065.jpg 1 27 23 65 65
0399_0033_0019_0058_0058.jpg 1 33 19 58 58
0400_0018_0023_0058_0058.jpg 1 18 23 58 58
0401_0021_0019_0062_0062.jpg 1 21 19 62 62
0402_0015_0020_0059_0059.jpg 1 15 20 59 59
0403_0008_0016_0062_0062.jpg 1 8 16 62 62
0404_0021_0028_0055_0055.jpg 1 21 28 55 55
0405_0027_0035_0050_0050.jpg 1 27 35 50 50
0406_0044_0022_0043_0043.jpg 1 44 22 43 43
0407_0035_0055_0033_0033.jpg 1 35 55 33 33
0408_0008_0020_0068_0068.jpg 1 8 20 68 68
0409_0007_0037_0041_0041.jpg 1 7 37 41 41
0410_0004_0009_0059_0059.jpg 1 4 9 59 59
0411_0012_0027_0059_0059.jpg 1 12 27 59 59
0412_0055_0030_0024_0024.jpg 1 55 30 24 24
0413_0009_0034_0061_0061.jpg 1 9 34 61 61
0414_0014_0017_0046_0046.jpg 1 14 17 46 46
0415_0029_0044_0045_0045.jpg 1 29 44 45 45
0416_0022_0022_0027_0027.jpg 1 22 22 27 27
0417_0019_0013_0062_0062.jpg 1 19 13 62 62
0418_0004_0016_0060_0060.jpg 1 4 16 60 60
0419_0041_0020_0049_0049.jpg 1 41 20 49 49
0420_0032_0025_0037_0037.jpg 1 32 25 37 37
0421_0054_0041_0024_0024.jpg 1 54 41 24 24
0422_0031_0054_0036_0036.jpg 1 31 54 36 36
0423_0028_0027_0066_0066.jpg 1 28 27 66 66
0424_0054_0045_0036_0036.jpg 1 54 45 36 36
0425_0018_0019_0061_0061.jpg 1 18 19 61 61
0426_0035_0006_0059_0059.jpg 1 35 6 59 59
0427_0028_0039_0028_0028.jpg 1 28 39 28 28
0428_0017_0021_0041_0041.jpg 1 17 21 41 41
0429_0013_0009_0059_0059.jpg 1 13 9 59 59
0430_0026_0007_0053_0053.jpg 1 26 7 53 53
0431_0008_0037_0031_0031.jpg 1 8 37 31 31
0432_0033_0019_0041_0041.jpg 1 33 19 41 41
0433_0018_0028_0038_0038.jpg 1 18 28 38 38
0434_0010_0057_0031_0031.jpg 1 10 57 31 31
0435_0027_0024_0029_0029.jpg 1 27 24 29 29
0436_0025_0025_0029_0029.jpg 1 25 25 29 29
0437_0041_0047_0025_0025.jpg 1 41 47 25 25
0438_0007_0018_0054_0054.jpg 1 7 18 54 54
0439_0015_0024_0063_0063.jpg 1 15 24 63 63
0440_0012_0010_0046_0046.jpg 1 12 10 46 46
0441_0056_0010_0034_0034.jpg 1 56 10 34 34
0442_0008_0017_0065_0065.jpg 1 8 17 65 65
0443_0036_0021_0056_0056.jpg 1 36 21 56 56
0444_0011_0013_0065_0065.jpg 1 11 13 65 65
0445_0032_0031_0035_0035.jpg 1 32 31 35 35
0446_0038_0038_0056_0056.jpg 1 38 38 56 56
0447_0014_0037_0048_0048.jpg 1 14 37 48 48
0448_0032_0045_0032_0032.jpg 1 32 45 32 32
0449_0022_0027_0066_0066.jpg 1 22 27 66 66
0450_0032_0011_0053_0053.jpg 1 32 11 53 53
0451_0010_0004_0069_0069.jpg 1 10 4 69 69
0452_0026_0012_0069_0069.jpg 1 26 12 69 69
0453_0011_0025_0060_0060.jpg 1 11 25 60 60
0454_0020_0051_0039_0039.jpg 1 20 51 39 39
0455_0041_0026_0043_0043.jpg 1 41 26 43 43
0456_0017_0027_0053_0053.jpg 1 17 27 53 53
0457_0012_0029_0055_0055.jpg 1 12 29 55 55
0458_0013_0012_0059_0059.jpg 1 13 12 59 59
0459_0061_0051_0026_0026.jpg 1 61 51 26 26
0460_0022_0045_0046_0046.jpg 1 22 45 46 46
0461_0020_0006_0063_0063.jpg 1 20 6 63 63
0462_0019_0021_0067_0067.jpg 1 19 21 67 67
0463_0022_0017_0059_0059.jpg 1 22 17 59 59
0464_0053_0037_0035_0035.jpg 1 53 37 35 35
0465_0028_0025_0056_0056.jpg 1 28 25 56 56
0466_0033_0037_0056_0056.jpg 1 33 37 56 56
0467_0044_0023_0050_0050.jpg 1 44 23 50 50
0468_0033_0032_0030_0030.jpg 1 33 32 30 30
0469_0035_0052_0030_0030.jpg 1 35 52 30 30
0470_0034_0013_0059_0059.jpg 1 34 13 59 59
0471_0037_0036_0044_0044.jpg 1 37 36 44 44
0472_0059_0055_0028_0028.jpg 1 59 55 28 28
0473_0009_0029_0066_0066.jpg 1 9 29 66 66
0474_0013_0019_0065_0065.jpg 1 13 19 65 65
0475_0023_0035_0052_0052.jpg 1 23 35 52 52
0476_0011_0020_0041_0041.jpg 1 11 20 41 41
0477_0028_0027_0033_0033.jpg 1 28 27 33 33
0478_0021_0020_0068_0068.jpg 1 21 20 68 68
0479_0022_0028_0060_0060.jpg 1 22 28 60 60
0480_0030_0040_0042_0042.jpg 1 30 40 42 42
0481_0030_0029_0034_0034.jpg 1 30 29 34 34
0482_0013_0011_0039_0039.jpg 1 13 11 39 39
0483_0050_0019_0038_0038.jpg 1 50 19 38 38
0484_0015_0022_0036_0036.jpg 1 15 22 36 36
0485_0011_0005_0062_0062.jpg 1 11 5 62 62
0486_0046_0024_0035_0035.jpg 1 46 24 35 35
0487_0040_0026_0041_0041.jpg 1 40 26 41 41
0488_0056_0053_0030_0030.jpg 1 56 53 30 30
0489_0025_0033_0059_0059.jpg 1 25 33 59 59
0490_0014_0036_0028_0028.jpg 1 14 36 28 28
0491_0029_0028_0063_0063.jpg 1 29 28 63 63
0492_0003_0003_0067_0067.jpg 1 3 3 67 67
0493_0030_0033_0062_0062.jpg 1 30 33 62 62
0494_0015_0029_0033_0033.jpg 1 15 29 33 33
0495_0024_0006_0064_0064.jpg 1 24 6 64 64
0496_0019_0014_0064_0064.jpg 1 19 14 64 64
0497_0036_0037_0045_0045.jpg 1 36 37 45 45
0498_0063_0036_0024_0024.jpg 1 63 36 24 24
0499_0046_0063_0028_0028.jpg 1 46 63 28 28
0500_0014_0023_0061_0061.jpg 1 14 23 61 61
0501_0021_0032_0044_0044.jpg 1 21 32 44 44
0502_0027_0047_0037_0037.jpg 1 27 47 37 37
0503_0042_0027_0053_0053.jpg 1 42 27 53 53
0504_0019_0004_0054_0054.jpg 1 19 4 54 54
0505_0057_0039_0031_0031.jpg 1 57 39 31 31
0506_0031_0017_0057_0057.jpg 1 31 17 57 57
0507_0031_0026_0061_0061.jpg 1 31 26 61 61
0508_0034_0011_0060_0060.jpg 1 34 11 60 60
0509_0023_0012_0056_0056.jpg 1 23 12 56 56
0510_0025_0050_0042_0042.jpg 1 25 50 42 42
0511_0044_0006_0043_0043.jpg 1 44 6 43 43
0512_0021_0009_0038_0038.jpg 1 21 9 38 38
0513_0043_0052_0029_0029.jpg 1 43 52 29 29
0514_0008_0028_0055_0055.jpg 1 8 28 55 55
0515_0034_0052_0024_0024.jpg 1 34 52 24 24
0516_0051_0026_0036_0036.jpg 1 51 26 36 36
0517_0058_0007_0030_0030.jpg 1 58 7 30 30
0518_0012_0015_0059_0059.jpg 1 12 15 59 59
0519_0029_0047_0024_0024.jpg 1 29 47 24 24
0520_0058_0060_0030_0030.jpg 1 58 60 30 30
0521_0024_0044_0035_0035.jpg 1 24 44 35 35
0522_0019_0004_0069_0069.jpg 1 19 4 69 69
0523_0013_0027_0062_0062.jpg 1 13 27 62 62
0524_0013_0030_0039_0039.jpg 1 13 30 39 39
0525_0044_0041_0026_0026.jpg 1 44 41 26 26
0526_0027_0043_0026_0026.jpg 1 27 43 26 26
0527_0021_0029_0058_0058.jpg 1 21 29 58 58
0528_0013_0025_0053_0053.jpg 1 13 25 53 53
0529_0010_0044_0028_0028.jpg 1 10 44 28 28
0530_0062_0050_0029_0029.jpg 1 62 50 29 29
0531_0008_0040_0053_0053.jpg 1 8 40 53 53
0532_0011_0015_0034_0034.jpg 1 11 15 34 34
0533_0014_0039_0046_0046.jpg 1 14 39 46 46
0534_0022_0016_0066_0066.jpg 1 22 16 66 66
0535_0018_0042_0052_0052.jpg 1 18 42 52 52
0536_0024_0045_0033_0033.jpg 1 24 45 33 33
0537_0024_0019_0048_0048.jpg 1 24 19 48 48
0538_0047_0016_0031_0031.jpg 1 47 16 31 31
0539_0027_0031_0047_0047.jpg 1 27 31 47 47
0540_0017_0033_0051_0051.jpg 1 17 33 51 51
0541_0022_0031_0062_0062.jpg 1 22 31 62 62
0542_0059_0040_0024_0024.jpg 1 59 40 24 24
0543_0028_0013_0035_0035.jpg 1 28 13 35 35
0544_0055_0013_0028_0028.jpg 1 55 13 28 28
0545_0046_0046_0036_0036.jpg 1 46 46 36 36
0546_0008_0012_0031_0031.jpg 1 8 12 31 31
0547_0033_0015_0056_0056.jpg 1 33 15 56 56
0548_0055_0041_0031_0031.jpg 1 55 41 31 31
0549_0040_0031_0028_0028.jpg 1 40 31 28 28
0550_0009_0009_0046_0046.jpg 1 9 9 46 46
0551_0023_0032_0062_0062.jpg 1 23 32 62 62
0552_0028_0051_0026_0026.jpg 1 28 51 26 26
0553_0034_0017_0060_0060.jpg 1 34 17 60 60
0554_0041_0044_0047_0047.jpg 1 41 44 47 47
0555_0018_0035_0059_0059.jpg 1 18 35 59 59
0556_0017_0011_0058_0058.jpg 1 17 11 58 58
0557_0013_0029_0063_0063.jpg 1 13 29 63 63
0558_0026_0013_0058_0058.jpg 1 26 13 58 58
0559_0033_0039_0056_0056.jpg 1 33 39 56 56
0560_0064_0023_0025_0025.jpg 1 64 23 25 25
0561_0030_0016_0063_0063.jpg 1 30 16 63 63
0562_0022_0042_0036_0036.jpg 1 22 42 36 36
0563_0033_0028_0025_0025.jpg 1 33 28 25 25
0564_0008_0031_0061_0061.jpg 1 8 31 61 61
0565_0005_0018_0056_0056.jpg 1 5 18 56 56
0566_0013_0008_0045_0045.jpg 1 13 8 45 45
0567_0003_0023_0061_0061.jpg 1 3 23 61 61
0568_0040_0008_0038_0038.jpg 1 40 8 38 38
0569_0011_0039_0048_0048.jpg 1 11 39 48 48
0570_0035_0033_0028_0028.jpg 1 35 33 28 28
0571_0031_0005_0061_0061.jpg 1 31 5 61 61
0572_0009_0014_0068_0068.jpg 1 9 14 68 68
0573_0018_0008_0060_0060.jpg 1 18 8 60 60
0574_0062_0025_0024_0024.jpg 1 62 25 24 24
0575_0035_0015_0042_0042.jpg 1 35 15 42 42
0576_0027_0035_0055_0055.jpg 1 27 35 55 55
0577_0021_0041_0051_0051.jpg 1 21 41 51 51
0578_0037_0007_0039_0039.jpg 1 37 7 39 39
0579_0027_0016_0067_0067.jpg 1 27 16 67 67
0580_0012_0007_0064_0064.jpg 1 12 7 64 64
0581_0052_0014_0040_0040.jpg 1 52 14 40 40
0582_0043_0021_0045_0045.jpg 1 43 21 45 45
0583_0028_0029_0059_0059.jpg 1 28 29 59 59
0584_0007_0021_0055_0055.jpg 1 7 21 55 55
0585_0027_0057_0029_0029.jpg 1 27 57 29 29
0586_0010_0039_0049_0049.jpg 1 10 39 49 49
0587_0037_0022_0036_0036.jpg 1 37 22 36 36
0588_0033_0017_0036_0036.jpg 1 33 17 36 36
0589_0046_0034_0039_0039.jpg 1 46 34 39 39
0590_0029_0012_0062_0062.jpg 1 29 12 62 62
0591_0028_0029_0055_0055.jpg 1 28 29 55 55
0592_0008_0044_0042_0042.jpg 1 8 44 42 42
0593_0051_0039_0037_0037.jpg 1 51 39 37 37
0594_0014_0025_0053_0053.jpg 1 14 25 53 53
0595_0032_0038_0032_0032.jpg 1 32 38 32 32
0596_0046_0015_0044_0044.jpg 1 46 15 44 44
0597_0029_0040_0052_0052.jpg 1 29 40 52 52
0598_0044_0012_0033_0033.jpg 1 44 12 33 33
0599_0019_0037_0054_0054.jpg 1 19 37 54 54
0600_0017_0014_0058_0058.jpg 1 17 14 58 58
0601_0004_0018_0066_0066.jpg 1 4 18 66 66
0602_0006_0023_0063_0063.jpg 1 6 23 63 63
0603_0037_0042_0039_0039.jpg 1 37 42 39 39
0604_0046_0010_0036_0036.jpg 1 46 10 36 36
0605_0020_0025_0069_0069.jpg 1 20 25 69 69
0606_0054_0031_0033_0033.jpg 1 54 31 33 33
0607_0026_0035_0042_0042.jpg 1 26 35 42 42
0608_0022_0007_0062_0062.jpg 1 22 7 62 62
0609_0014_0028_0043_0043.jpg 1 14 28 43 43
0610_0052_0062_0024_0024.jpg 1 52 62 24 24
0611_0010_0053_0028_0028.jpg 1 10 53 28 28
0612_0023_0006_0069_0069.jpg 1 23 6 69 69
0613_0062_0061_0029_0029.jpg 1 62 61 29 29
0614_0004_0027_0057_0057.jpg 1 4 27 57 57
0615_0054_0007_0034_0034.jpg 1 54 7 34 34
0616_0032_0027_0054_0054.jpg 1 32 27 54 54
0617_0027_0025_0051_0051.jpg 1 27 25 51 51
0618_0037_0030_0051_0051.jpg 1 37 30 51 51
0619_0006_0040_0050_0050.jpg 1 6 40 50 50
0620_0018_0005_0069_0069.jpg 1 18 5 69 69
0621_0036_0052_0035_0035.jpg 1 36 52 35 35
0622_0054_0012_0032_0032.jpg 1 54 12 32 32
0623_0033_0014_0056_0056.jpg 1 33 14 56 56
0624_0021_0022_0065_0065.jpg 1 21 22 65 65
0625_0020_0047_0034_0034.jpg 1 20 47 34 34
0626_0021_0030_0054_0054.jpg 1 21 30 54 54
0627_0035_0033_0037_0037.jpg 1 35 33 37 37
0628_0034_0007_0040_0040.jpg 1 34 7 40 40
0629_0043_0044_0041_0041.jpg 1 43 44 41 41
0630_0030_0048_0045_0045.jpg 1 30 48 45 45
0631_0006_0013_0060_0060.jpg 1 6 13 60 60
0632_0022_0029_0056_0056.jpg 1 22 29 56 56
0633_0023_0029_0064_0064.jpg 1 23 29 64 64
0634_0025_0041_0034_0034.jpg 1 25 41 34 34
0635_0005_0031_0061_0061.jpg 1 5 31 61 61
0636_0054_0064_0024_0024.jpg 1 54 64 24 24
0637_0010_0031_0045_0045.jpg 1 10 31 45 45
0638_0054_0038_0035_0035.jpg 1 54 38 35 35
0639_0021_0006_0039_0039.jpg 1 21 6 39 39
0640_0037_0035_0033_0033.jpg 1 37 35 33 33
0641_0060_0051_0029_0029.jpg 1 60 51 29 29
0642_0020_0012_0039_0039.jpg 1 20 12 39 39
0643_0016_0021_0068_0068.jpg 1 16 21 68 68
0644_0040_0039_0038_0038.jpg 1 40 39 38 38
0645_0034_0015_0045_0045.jpg 1 34 15 45 45
0646_0011_0015_0053_0053.jpg 1 11 15 53 53
0647_0022_0028_0045_0045.jpg 1 22 28 45 45
0648_0031_0055_0038_0038.jpg 1 31 55 38 38
0649_0010_0014_0058_0058.jpg 1 10 14 58 58
0650_0032_0020_0056_0056.jpg 1 32 20 56 56
0651_0049_0046_0033_0033.jpg 1 49 46 33 33
0652_0035_0011_0035_0035.jpg 1 35 11 35 35
0653_0009_0059_0031_0031.jpg 1 9 59 31 31
0654_0003_0029_0067_0067.jpg 1 3 29 67 67
0655_0010_0045_0036_0036.jpg 1 10 45 36 36
0656_0007_0025_0067_0067.jpg 1 7 25 67 67
0657_0023_0052_0038_0038.jpg 1 23 52 38 38
0658_0034_0012_0051_0051.jpg 1 34 12 51 51
0659_0009_0025_0027_0027.jpg 1 9 25 27 27
0660_0012_0014_0067_0067.jpg 1 12 14 67 67
0661_0049_0007_0028_0028.jpg 1 49 7 28 28
0662_0038_0005_0055_0055.jpg 1 38 5 55 55
0663_0019_0013_0060_0060.jpg 1 19 13 60 60
0664_0025_0018_0066_0066.jpg 1 25 18 66 66
0665_0018_0014_0026_0026.jpg 1 18 14 26 26
0666_0039_0013_0050_0050.jpg 1 39 13 50 50
0667_0013_0039_0034_0034.jpg 1 13 39 34 34
0668_0033_0008_0029_0029.jpg 1 33 8 29 29
0669_0004_0039_0054_0054.jpg 1 4 39 54 54
0670_0048_0067_0024_0024.jpg 1 48 67 24 24
0671_0057_0054_0026_0026.jpg 1 57 54 26 26
0672_0014_0017_0046_0046.jpg 1 14 17 46 46
0673_0013_0026_0033_0033.jpg 1 13 26 33 33
0674_0009_0014_0044_0044.jpg 1 9 14 44 44
0675_0012_0034_0056_0056.jpg 1 12 34 56 56
0676_0009_0007_0066_0066.jpg 1 9 7 66 66
0677_0007_0026_0063_0063.jpg 1 7 26 63 63
0678_0028_0022_0050_0050.jpg 1 28 22 50 50
0679_0005_0016_0059_0059.jpg 1 5 16 59 59
0680_0011_0028_0059_0059.jpg 1 11 28 59 59
0681_0011_0013_0069_0069.jpg 1 11 13 69 69
0682_0022_0042_0035_0035.jpg 1 22 42 35 35
0683_0025_0013_0061_0061.jpg 1 25 13 61 61
0684_0022_0004_0068_0068.jpg 1 22 4 68 68
0685_0006_0010_0054_0054.jpg 1 6 10 54 54
0686_0006_0032_0040_0040.jpg 1 6 32 40 40
0687_0021_0024_0046_0046.jpg 1 21 24 46 46
0688_0016_0022_0045_0045.jpg 1 16 22 45 45
0689_0015_0008_0056_0056.jpg 1 15 8 56 56
0690_0022_0006_0050_0050.jpg 1 22 6 50 50
0691_0009_0023_0065_0065.jpg 1 9 23 65 65
0692_0012_0015_0041_0041.jpg 1 12 15 41 41
0693_0051_0008_0037_0037.jpg 1 51 8 37 37
0694_0045_0024_0039_0039.jpg 1 45 24 39 39
0695_0056_0028_0035_0035.jpg 1 56 28 35 35
0696_0023_0042_0034_0034.jpg 1 23 42 34 34
0697_0031_0051_0025_0025.jpg 1 31 51 25 25
0698_0014_0030_0048_0048.jpg 1 14 30 48 48
0699_0024_0053_0031_0031.jpg 1 24 53 31 31
0700_0025_0053_0032_0032.jpg 1 25 53 32 32
0701_0010_0044_0032_0032.jpg 1 10 44 32 32
0702_0029_0003_0061_0061.jpg 1 29 3 61 61
0703_0017_0034_0033_0033.jpg 1 17 34 33 33
0704_0017_0017_0067_0067.jpg 1 17 17 67 67
0705_0014_0033_0056_0056.jpg 1 14 33 56 56
0706_0019_0028_0064_0064.jpg 1 19 28 64 64
0707_0059_0007_0028_0028.jpg 1 59 7 28 28
0708_0020_0047_0044_0044.jpg 1 20 47 44 44
0709_0034_0042_0052_0052.jpg 1 34 42 52 52
0710_0015_0020_0058_0058.jpg 1 15 20 58 58
0711_0049_0054_0027_0027.jpg 1 49 54 27 27
0712_0021_0028_0058_0058.jpg 1 21 28 58 58
0713_0012_0033_0045_0045.jpg 1 12 33 45 45
0714_0051_0040_0042_0042.jpg 1 51 40 42 42
0715_0023_0066_0024_0024.jpg 1 23 66 24 24
0716_0030_0027_0055_0055.jpg 1 30 27 55 55
0717_0024_0020_0034_0034.jpg 1 24 20 34 34
0718_0010_0027_0067_0067.jpg 1 10 27 67 67
0719_0025_0019_0059_0059.jpg 1 25 19 59 59
0720_0036_0045_0048_0048.jpg 1 36 45 48 48
0721_0016_0024_0049_0049.jpg 1 16 24 49 49
0722_0021_0021_0051_0051.jpg 1 21 21 51 51
0723_0004_0010_0067_0067.jpg 1 4 10 67 67
0724_0027_0055_0037_0037.jpg 1 27 55 37 37
0725_0048_0035_0038_0038.jpg 1 48 35 38 38
0726_0017_0046_0038_0038.jpg 1 17 46 38 38
0727_0015_0004_0064_0064.jpg 1 15 4 64 64
0728_0009_0024_0059_0059.jpg 1 9 24 59 59
0729_0044_0010_0035_0035.jpg 1 44 10 35 35
0730_0013_0035_0028_0028.jpg 1 13 35 28 28
0731_0039_0052_0039_0039.jpg 1 39 52 39 39
0732_0013_0006_0062_0062.jpg 1 13 6 62 62
0733_0020_0026_0064_0064.jpg 1 20 26 64 64
0734_0052_0043_0029_0029.jpg 1 52 43 29 29
0735_0031_0030_0036_0036.jpg 1 31 30 36 36
0736_0013_0035_0038_0038.jpg 1 13 35 38 38
0737_0039_0049_0026_0026.jpg 1 39 49 26 26
0738_0026_0011_0064_0064.jpg 1 26 11 64 64
0739_0022_0042_0037_0037.jpg 1 22 42 37 37
0740_0014_0027_0056_0056.jpg 1 14 27 56 56
0741_0052_0007_0027_0027.jpg 1 52 7 27 27
0742_0009_0039_0026_0026.jpg 1 9 39 26 26
0743_0033_0035_0060_0060.jpg 1 33 35 60 60
0744_0019_0024_0068_0068.jpg 1 19 24 68 68
0745_0026_0043_0035_0035.jpg 1 26 43 35 35
0746_0010_0022_0034_0034.jpg 1 10 22 34 34
0747_0031_0037_0050_0050.jpg 1 31 37 50 50
0748_0019_0021_0055_0055.jpg 1 19 21 55 55
0749_0016_0014_0054_0054.jpg 1 16 14 54 54
0750_0023_0021_0064_0064.jpg 1 23 21 64 64
0751_0022_0013_0050_0050.jpg 1 22 13 50 50
0752_0057_0018_0033_0033.jpg 1 57 18 33 33
0753_0009_0046_0030_0030.jpg 1 9 46 30 30
0754_0020_0036_0025_0025.jpg 1 20 36 25 25
0755_0048_0043_0026_0026.jpg 1 48 43 26 26
0756_0021_0026_0031_0031.jpg 1 21 26 31 31
0757_0015_0020_0037_0037.jpg 1 15 20 37 37
0758_0015_0049_0025_0025.jpg 1 15 49 25 25
0759_0022_0053_0039_0039.jpg 1 22 53 39 39
0760_0008_0051_0025_0025.jpg 1 8 51 25 25
0761_0048_0047_0044_0044.jpg 1 48 47 44 44
0762_0015_0043_0039_0039.jpg 1 15 43 39 39
0763_0026_0049_0044_0044.jpg 1 26 49 44 44
0764_0053_0045_0028_0028.jpg 1 53 45 28 28
0765_0046_0006_0046_0046.jpg 1 46 6 46 46
0766_0019_0008_0068_0068.jpg 1 19 8 68 68
0767_0005_0017_0059_0059.jpg 1 5 17 59 59
0768_0025_0008_0041_0041.jpg 1 25 8 41 41
0769_0028_0038_0043_0043.jpg 1 28 38 43 43
0770_0014_0025_0064_0064.jpg 1 14 25 64 64
0771_0035_0011_0057_0057.jpg 1 35 11 57 57
0772_0007_0032_0042_0042.jpg 1 7 32 42 42
0773_0053_0058_0030_0030.jpg 1 53 58 30 30
0774_0019_0017_0047_0047.jpg 1 19 17 47 47
0775_0047_0017_0025_0025.jpg 1 47 17 25 25
0776_0018_0023_0053_0053.jpg 1 18 23 53 53
0777_0011_0016_0061_0061.jpg 1 11 16 61 61
0778_0021_0031_0060_0060.jpg 1 21 31 60 60
0779_0026_0005_0058_0058.jpg 1 26 5 58 58
0780_0030_0004_0065_0065.jpg 1 30 4 65 65
0781_0020_0041_0025_0025.jpg 1 20 41 25 25
0782_0021_0050_0039_0039.jpg 1 21 50 39 39
0783_0037_0046_0026_0026.jpg 1 37 46 26 26
0784_0039_0022_0049_0049.jpg 1 39 22 49 49
0785_0011_0025_0068_0068.jpg 1 11 25 68 68
0786_0011_0026_0039_0039.jpg 1 11 26 39 39
0787_0018_0006_0063_0063.jpg 1 18 6 63 63
0788_0014_0037_0051_0051.jpg 1 14 37 51 51
0789_0029_0005_0056_0056.jpg 1 29 5 56 56
0790_0046_0053_0030_0030.jpg 1 46 53 30 30
0791_0045_0018_0048_0048.jpg 1 45 18 48 48
0792_0027_0004_0063_0063.jpg 1 27 4 63 63
0793_0023_0025_0036_0036.jpg 1 23 25 36 36
0794_0012_0020_0069_0069.jpg 1 12 20 69 69
0795_0019_0007_0068_0068.jpg 1 19 7 68 68
0796_0039_0033_0027_0027.jpg 1 39 33 27 27
0797_0030_0012_0046_0046.jpg 1 30 12 46 46
0798_0038_0064_0025_0025.jpg 1 38 64 25 25
0799_0023_0019_0069_0069.jpg 1 23 19 69 69
0800_0022_0028_0031_0031.jpg 1 22 28 31 31
0801_0023_0019_0067_0067.jpg 1 23 19 67 67
0802_0023_0004_0054_0054.jpg 1 23 4 54 54
0803_0006_0030_0053_0053.jpg 1 6 30 53 53
0804_0040_0050_0024_0024.jpg 1 40 50 24 24
0805_0050_0044_0029_0029.jpg 1 50 44 29 29
0806_0017_0008_0053_0053.jpg 1 17 8 53 53
0807_0010_0015_0059_0059.jpg 1 10 15 59 59
0808_0023_0028_0043_0043.jpg 1 23 28 43 43
0809_0024_0015_0035_0035.jpg 1 24 15 35 35
0810_0028_0009_0049_0049.jpg 1 28 9 49 49
0811_0034_0020_0027_0027.jpg 1 34 20 27 27
0812_0019_0005_0061_0061.jpg 1 19 5 61 61
0813_0046_0033_0033_0033.jpg 1 46 33 33 33
0814_0041_0030_0026_0026.jpg 1 41 30 26 26
0815_0014_0014_0063_0063.jpg 1 14 14 63 63
0816_0028_0009_0066_0066.jpg 1 28 9 66 66
0817_0008_0053_0038_0038.jpg 1 8 53 38 38
0818_0009_0005_0063_0063.jpg 1 9 5 63 63
0819_0012_0031_0059_0059.jpg 1 12 31 59 59
0820_0058_0042_0029_0029.jpg 1 58 42 29 29
0821_0016_0026_0041_0041.jpg 1 16 26 41 41
0822_0005_0013_0067_0067.jpg 1 5 13 67 67
0823_0028_0031_0057_0057.jpg 1 28 31 57 57
0824_0022_0028_0064_0064.jpg 1 22 28 64 64
0825_0055_0019_0029_0029.jpg 1 55 19 29 29
0826_0044_0021_0040_0040.jpg 1 44 21 40 40
0827_0025_0028_0027_0027.jpg 1 25 28 27 27
0828_0011_0007_0044_0044.jpg 1 11 7 44 44
0829_0019_0017_0067_0067.jpg 1 19 17 67 67
0830_0013_0026_0025_0025.jpg 1 13 26 25 25
0831_0027_0014_0057_0057.jpg 1 27 14 57 57
0832_0043_0043_0045_0045.jpg 1 43 43 45 45
0833_0018_0028_0025_0025.jpg 1 18 28 25 25
0834_0042_0012_0047_0047.jpg 1 42 12 47 47
0835_0022_0012_0049_0049.jpg 1 22 12 49 49
0836_0010_0008_0056_0056.jpg 1 10 8 56 56
0837_0021_0058_0026_0026.jpg 1 21 58 26 26
0838_0036_0007_0052_0052.jpg 1 36 7 52 52
0839_0019_0028_0025_0025.jpg 1 19 28 25 25
0840_0026_0020_0057_0057.jpg 1 26 20 57 57
0841_0014_0005_0060_0060.jpg 1 14 5 60 60
0842_0033_0040_0048_0048.jpg 1 33 40 48 48
0843_0020_0051_0036_0036.jpg 1 20 51 36 36
0844_0017_0007_0051_0051.jpg 1 17 7 51 51
0845_0033_0040_0037_0037.jpg 1 33 40 37 37
0846_0007_0035_0049_0049.jpg 1 7 35 49 49
0847_0016_0028_0060_0060.jpg 1 16 28 60 60
0848_0008_0028_0042_0042.jpg 1 8 28 42 42
0849_0023_0019_0046_0046.jpg 1 23 19 46 46
0850_0021_0023_0028_0028.jpg 1 21 23 28 28
0851_0041_0041_0051_0051.jpg 1 41 41 51 51
0852_0006_0033_0060_0060.jpg 1 6 33 60 60
0853_0018_0024_0049_0049.jpg 1 18 24 49 49
0854_0020_0025_0028_0028.jpg 1 20 25 28 28
0855_0011_0044_0026_0026.jpg 1 11 44 26 26
0856_0004_0036_0057_0057.jpg 1 4 36 57 57
0857_0030_0031_0029_0029.jpg 1 30 31 29 29
0858_0038_0036_0053_0053.jpg 1 38 36 53 53
0859_0033_0006_0055_0055.jpg 1 33 6 55 55
0860_0023_0012_0066_0066.jpg 1 23 12 66 66
0861_0021_0021_0065_0065.jpg 1 21 21 65 65
0862_0058_0028_0032_0032.jpg 1 58 28 32 32
0863_0019_0055_0025_0025.jpg 1 19 55 25 25
0864_0013_0022_0059_0059.jpg 1 13 22 59 59
0865_0035_0012_0051_0051.jpg 1 35 12 51 51
0866_0012_0003_0065_0065.jpg 1 12 3 65 65
0867_0007_0053_0029_0029.jpg 1 7 53 29 29
0868_0034_0012_0053_0053.jpg 1 34 12 53 53
0869_0013_0050_0044_0044.jpg 1 13 50 44 44
0870_0048_0047_0045_0045.jpg 1 48 47 45 45
0871_0018_0025_0068_0068.jpg 1 18 25 68 68
0872_0041_0047_0044_0044.jpg 1 41 47 44 44
0873_0029_0014_0057_0057.jpg 1 29 14 57 57
0874_0028_0019_0068_0068.jpg 1 28 19 68 68
0875_0032_0025_0048_0048.jpg 1 32 25 48 48
0876_0031_0026_0055_0055.jpg 1 31 26 55 55
0877_0006_0007_0034_0034.jpg 1 6 7 34 34
0878_0027_0027_0052_0052.jpg 1 27 27 52 52
0879_0029_0015_0066_0066.jpg 1 29 15 66 66
0880_0011_0006_0044_0044.jpg 1 11 6 44 44
0881_0026_0040_0035_0035.jpg 1 26 40 35 35
0882_0010_0031_0057_0057.jpg 1 10 31 57 57
0883_0043_0039_0027_0027.jpg 1 43 39 27 27
0884_0004_0028_0066_0066.jpg 1 4 28 66 66
0885_0020_0008_0069_0069.jpg 1 20 8 69 69
0886_0034_0021_0059_0059.jpg 1 34 21 59 59
0887_0029_0016_0055_0055.jpg 1 29 16 55 55
0888_0022_0021_0069_0069.jpg 1 22 21 69 69
0889_0010_0008_0060_0060.jpg 1 10 8 60 60
0890_0038_0023_0050_0050.jpg 1 38 23 50 50
0891_0009_0025_0040_0040.jpg 1 9 25 40 40
0892_0009_0019_0059_0059.jpg 1 9 19 59 59
0893_0061_0041_0026_0026.jpg 1 61 41 26 26
0894_0030_0015_0058_0058.jpg 1 30 15 58 58
0895_0014_0059_0028_0028.jpg 1 14 59 28 28
0896_0027_0036_0049_0049.jpg 1 27 36 49 49
0897_0048_0047_0029_0029.jpg 1 48 47 29 29
0898_0032_0020_0060_0060.jpg 1 32 20 60 60
0899_0039_0049_0028_0028.jpg 1 39 49 28 28
0900_0036_0033_0025_0025.jpg 1 36 33 25 25
0901_0023_0042_0039_0039.jpg 1 23 42 39 39
0902_0015_0035_0047_0047.jpg 1 15 35 47 47
0903_0043_0042_0030_0030.jpg 1 43 42 30 30
0904_0019_0024_0033_0033.jpg 1 19 24 33 33
0905_0042_0030_0047_0047.jpg 1 42 30 47 47
0906_0009_0023_0067_0067.jpg 1 9 23 67 67
0907_0025_0045_0038_0038.jpg 1 25 45 38 38
0908_0015_0026_0057_0057.jpg 1 15 26 57 57
0909_0045_0021_0034_0034.jpg 1 45 21 34 34
0910_0005_0028_0058_0058.jpg 1 5 28 58 58
0911_0028_0013_0031_0031.jpg 1 28 13 31 31
0912_0058_0020_0033_0033.jpg 1 58 20 33 33
0913_0048_0027_0036_0036.jpg 1 48 27 36 36
0914_0027_0010_0060_0060.jpg 1 27 10 60 60
0915_0014_0010_0038_0038.jpg 1 14 10 38 38
0916_0024_0034_0032_0032.jpg 1 24 34 32 32
0917_0011_0013_0066_0066.jpg 1 11 13 66 66
0918_0034_0014_0049_0049.jpg 1 34 14 49 49
0919_0049_0035_0036_0036.jpg 1 49 35 36 36
0920_0043_0025_0046_0046.jpg 1 43 25 46 46
0921_0013_0049_0031_0031.jpg 1 13 49 31 31
0922_0020_0021_0066_0066.jpg 1 20 21 66 66
0923_0044_0022_0028_0028.jpg 1 44 22 28 28
0924_0034_0032_0056_0056.jpg 1 34 32 56 56
0925_0045_0036_0039_0039.jpg 1 45 36 39 39
0926_0015_0010_0061_0061.jpg 1 15 10 61 61
0927_0020_0027_0069_0069.jpg 1 20 27 69 69
0928_0021_0009_0055_0055.jpg 1 21 9 55 55
0929_0028_0014_0062_0062.jpg 1 28 14 62 62
0930_0030_0016_0047_0047.jpg 1 30 16 47 47
0931_0021_0032_0029_0029.jpg 1 21 32 29 29
0932_0019_0050_0041_0041.jpg 1 19 50 41 41
0933_0046_0032_0025_0025.jpg 1 46 32 25 25
0934_0046_0039_0037_0037.jpg 1 46 39 37 37
0935_0030_0047_0045_0045.jpg 1 30 47 45 45
0936_0018_0004_0061_0061.jpg 1 18 4 61 61
0937_0025_0047_0029_0029.jpg 1 25 47 29 29
0938_0004_0017_0059_0059.jpg 1 4 17 59 59
0939_0042_0041_0048_0048.jpg 1 42 41 48 48
0940_0033_0029_0054_0054.jpg 1 33 29 54 54
0941_0050_0009_0035_0035.jpg 1 50 9 35 35
0942_0042_0015_0044_0044.jpg 1 42 15 44 44
0943_0041_0021_0031_0031.jpg 1 41 21 31 31
0944_0032_0026_0028_0028.jpg 1 32 26 28 28
0945_0040_0018_0031_0031.jpg 1 40 18 31 31
0946_0019_0010_0046_0046.jpg 1 19 10 46 46
0947_0044_0043_0029_0029.jpg 1 44 43 29 29
0948_0008_0006_0059_0059.jpg 1 8 6 59 59
0949_0032_0037_0049_0049.jpg 1 32 37 49 49
0950_0036_0014_0053_0053.jpg 1 36 14 53 53
0951_0019_0009_0038_0038.jpg 1 19 9 38 38
0952_0020_0020_0069_0069.jpg 1 20 20 69 69
0953_0021_0017_0042_0042.jpg 1 21 17 42 42
0954_0029_0033_0038_0038.jpg 1 29 33 38 38
0955_0009_0041_0028_0028.jpg 1 9 41 28 28
0956_0013_0031_0030_0030.jpg 1 13 31 30 30
0957_0044_0053_0026_0026.jpg 1 44 53 26 26
0958_0031_0040_0046_0046.jpg 1 31 40 46 46
0959_0031_0018_0059_0059.jpg 1 31 18 59 59
0960_0036_0018_0048_0048.jpg 1 36 18 48 48
0961_0038_0014_0052_0052.jpg 1 38 14 52 52
0962_0021_0013_0060_0060.jpg 1 21 13 60 60
0963_0022_0004_0069_0069.jpg 1 22 4 69 69
0964_0030_0019_0064_0064.jpg 1 30 19 64 64
0965_0018_0028_0062_0062.jpg 1 18 28 62 62
0966_0013_0038_0047_0047.jpg 1 13 38 47 47
0967_0007_0011_0068_0068.jpg 1 7 11 68 68
0968_0016_0025_0051_0051.jpg 1 16 25 51 51
0969_0035_0034_0054_0054.jpg 1 35 34 54 54
0970_0007_0022_0053_0053.jpg 1 7 22 53 53
0971_0042_0008_0053_0053.jpg 1 42 8 53 53
0972_0007_0046_0031_0031.jpg 1 7 46 31 31
0973_0031_0004_0062_0062.jpg 1 31 4 62 62
0974_0047_0032_0042_0042.jpg 1 47 32 42 42
0975_0028_0028_0068_0068.jpg 1 28 28 68 68
0976_0019_0039_0045_0045.jpg 1 19 39 45 45
0977_0020_0004_0067_0067.jpg 1 20 4 67 67
0978_0019_0012_0057_0057.jpg 1 19 12 57 57
0979_0026_0024_0061_0061.jpg 1 26 24 61 61
0980_0050_0049_0041_0041.jpg 1 50 49 41 41
0981_0013_0035_0058_0058.jpg 1 13 35 58 58
0982_0027_0051_0032_0032.jpg 1 27 51 32 32
0983_0037_0024_0058_0058.jpg 1 37 24 58 58
0984_0006_0015_0055_0055.jpg 1 6 15 55 55
0985_0038_0008_0025_0025.jpg 1 38 8 25 25
0986_0015_0043_0034_0034.jpg 1 15 43 34 34
0987_0036_0041_0048_0048.jpg 1 36 41 48 48
0988_0027_0026_0062_0062.jpg 1 27 26 62 62
0989_0007_0041_0053_0053.jpg 1 7 41 53 53
0990_0017_0027_0045_0045.jpg 1 17 27 45 45
0991_0031_0012_0029_0029.jpg 1 31 12 29 29
0992_0047_0048_0039_0039.jpg 1 47 48 39 39
0993_0008_0006_0066_0066.jpg 1 8 6 66 66
0994_0010_0026_0045_0045.jpg 1 10 26 45 45
0995_0034_0019_0060_0060.jpg 1 34 19 60 60
0996_0005_0013_0055_0055.jpg 1 5 13 55 55
0997_0028_0026_0042_0042.jpg 1 28 26 42 42
0998_0035_0015_0056_0056.jpg 1 35 15 56 56
0999_0030_0039_0027_0027.jpg 1 30 39 27 27
1000_0021_0008_0048_0048.jpg 1 21 8 48 48
1001_0021_0010_0059_0059.jpg 1 21 10 59 59
1002_0030_0012_0052_0052.jpg 1 30 12 52 52
1003_0047_0026_0040_0040.jpg 1 47 26 40 40
1004_0023_0012_0026_0026.jpg 1 23 12 26 26
1005_0027_0039_0056_0056.jpg 1 27 39 56 56
1006_0057_0032_0031_0031.jpg 1 57 32 31 31
1007_0024_0023_0034_0034.jpg 1 24 23 34 34
1008_0023_0022_0054_0054.jpg 1 23 22 54 54
1009_0027_0035_0057_0057.jpg 1 27 35 57 57
1010_0020_0013_0058_0058.jpg 1 20 13 58 58
1011_0052_0054_0038_0038.jpg 1 52 54 38 38
1012_0058_0017_0024_0024.jpg 1 58 17 24 24
1013_0031_0018_0035_0035.jpg 1 31 18 35 35
1014_0008_0013_0052_0052.jpg 1 8 13 52 52
1015_0023_0030_0032_0032.jpg 1 23 30 32 32
1016_0044_0029_0036_0036.jpg 1 44 29 36 36
1017_0014_0031_0027_0027.jpg 1 14 31 27 27
1018_0042_0022_0033_0033.jpg 1 42 22 33 33
1019_0033_0043_0049_0049.jpg 1 33 43 49 49
1020_0021_0043_0043_0043.jpg 1 21 43 43 43
1021_0040_0038_0042_0042.jpg 1 40 38 42 42
1022_0026_0014_0054_0054.jpg 1 26 14 54 54
1023_0025_0022_0039_0039.jpg 1 25 22 39 39
1024_0028_0004_0065_0065.jpg 1 28 4 65 65
1025_0037_0057_0026_0026.jpg 1 37 57 26 26
1026_0017_0039_0040_0040.jpg 1 17 39 40 40
1027_0021_0019_0046_0046.jpg 1 21 19 46 46
1028_0007_0030_0059_0059.jpg 1 7 30 59 59
1029_0050_0014_0037_0037.jpg 1 50 14 37 37
1030_0050_0056_0035_0035.jpg 1 50 56 35 35
1031_0009_0032_0048_0048.jpg 1 9 32 48 48
1032_0014_0019_0069_0069.jpg 1 14 19 69 69
1033_0025_0022_0048_0048.jpg 1 25 22 48 48
1034_0022_0007_0041_0041.jpg 1 22 7 41 41
1035_0024_0022_0042_0042.jpg 1 24 22 42 42
1036_0017_0016_0035_0035.jpg 1 17 16 35 35
1037_0018_0039_0054_0054.jpg 1 18 39 54 54
1038_0023_0045_0035_0035.jpg 1 23 45 35 35
1039_0057_0030_0030_0030.jpg 1 57 30 30 30
1040_0014_0053_0024_0024.jpg 1 14 53 24 24
1041_0029_0038_0057_0057.jpg 1 29 38 57 57
1042_0029_0030_0066_0066.jpg 1 29 30 66 66
1043_0038_0021_0024_0024.jpg 1 38 21 24 24
1044_0030_0007_0060_0060.jpg 1 30 7 60 60
1045_0004_0010_0063_0063.jpg 1 4 10 63 63
1046_0005_0025_0058_0058.jpg 1 5 25 58 58
1047_0049_0031_0040_0040.jpg 1 49 31 40 40
1048_0025_0014_0053_0053.jpg 1 25 14 53 53
1049_0013_0041_0046_0046.jpg 1 13 41 46 46
1050_0007_0045_0041_0041.jpg 1 7 45 41 41
1051_0045_0018_0033_0033.jpg 1 45 18 33 33
1052_0025_0017_0037_0037.jpg 1 25 17 37 37
1053_0054_0023_0031_0031.jpg 1 54 23 31 31
1054_0028_0011_0063_0063.jpg 1 28 11 63 63
1055_0030_0034_0043_0043.jpg 1 30 34 43 43
1056_0024_0009_0049_0049.jpg 1 24 9 49 49
1057_0039_0029_0055_0055.jpg 1 39 29 55 55
1058_0050_0042_0029_0029.jpg 1 50 42 29 29
1059_0021_0038_0042_0042.jpg 1 21 38 42 42
1060_0009_0018_0040_0040.jpg 1 9 18 40 40
1061_0056_0055_0034_0034.jpg 1 56 55 34 34
1062_0012_0023_0064_0064.jpg 1 12 23 64 64
1063_0019_0032_0046_0046.jpg 1 19 32 46 46
1064_0033_0030_0051_0051.jpg 1 33 30 51 51
1065_0008_0007_0042_0042.jpg 1 8 7 42 42
1066_0062_0020_0024_0024.jpg 1 62 20 24 24
1067_0012_0024_0056_0056.jpg 1 12 24 56 56
1068_0067_0041_0025_0025.jpg 1 67 41 25 25
1069_0014_0008_0064_0064.jpg 1 14 8 64 64
1070_0028_0004_0064_0064.jpg 1 28 4 64 64
1071_0018_0043_0040_0040.jpg 1 18 43 40 40
1072_0042_0032_0052_0052.jpg 1 42 32 52 52
1073_0044_0024_0027_0027.jpg 1 44 24 27 27
1074_0031_0022_0061_0061.jpg 1 31 22 61 61
1075_0019_0032_0063_0063.jpg 1 19 32 63 63
1076_0005_0045_0047_0047.jpg 1 5 45 47 47
1077_0025_0039_0043_0043.jpg 1 25 39 43 43
1078_0027_0027_0044_0044.jpg 1 27 27 44 44
1079_0034_0010_0059_0059.jpg 1 34 10 59 59
1080_0046_0042_0045_0045.jpg 1 46 42 45 45
1081_0009_0022_0059_0059.jpg 1 9 22 59 59
1082_0018_0024_0051_0051.jpg 1 18 24 51 51
1083_0011_0015_0064_0064.jpg 1 11 15 64 64
1084_0062_0009_0029_0029.jpg 1 62 9 29 29
1085_0038_0026_0024_0024.jpg 1 38 26 24 24
1086_0019_0010_0055_0055.jpg 1 19 10 55 55
1087_0027_0022_0046_0046.jpg 1 27 22 46 46
1088_0015_0014_0063_0063.jpg 1 15 14 63 63
1089_0044_0060_0032_0032.jpg 1 44 60 32 32
1090_0032_0051_0035_0035.jpg 1 32 51 35 35
1091_0027_0043_0050_0050.jpg 1 27 43 50 50
1092_0014_0013_0065_0065.jpg 1 14 13 65 65
1093_0046_0048_0038_0038.jpg 1 46 48 38 38
1094_0016_0059_0028_0028.jpg 1 16 59 28 28
1095_0024_0033_0053_0053.jpg 1 24 33 53 53
1096_0028_0031_0033_0033.jpg 1 28 31 33 33
1097_0035_0013_0053_0053.jpg 1 35 13 53 53
1098_0019_0021_0056_0056.jpg 1 19 21 56 56
1099_0019_0036_0042_0042.jpg 1 19 36 42 42
1100_0008_0028_0060_0060.jpg 1 8 28 60 60
1101_0034_0033_0041_0041.jpg 1 34 33 41 41
1102_0044_0045_0045_0045.jpg 1 44 45 45 45
1103_0016_0015_0054_0054.jpg 1 16 15 54 54
1104_0021_0019_0063_0063.jpg 1 21 19 63 63
1105_0045_0021_0031_0031.jpg 1 45 21 31 31
1106_0010_0018_0056_0056.jpg 1 10 18 56 56
1107_0044_0025_0040_0040.jpg 1 44 25 40 40
1108_0025_0017_0044_0044.jpg 1 25 17 44 44
1109_0036_0013_0027_0027.jpg 1 36 13 27 27
1110_0030_0006_0046_0046.jpg 1 30 6 46 46
1111_0040_0012_0041_0041.jpg 1 40 12 41 41
1112_0019_0038_0053_0053.jpg 1 19 38 53 53
1113_0018_0020_0048_0048.jpg 1 18 20 48 48
1114_0005_0027_0053_0053.jpg 1 5 27 53 53
1115_0027_0014_0062_0062.jpg 1 27 14 62 62
1116_0005_0016_0053_0053.jpg 1 5 16 53 53
1117_0005_0025_0059_0059.jpg 1 5 25 59 59
1118_0026_0013_0065_0065.jpg 1 26 13 65 65
1119_0035_0036_0024_0024.jpg 1 35 36 24 24
1120_0037_0041_0051_0051.jpg 1 37 41 51 51
1121_0034_0020_0038_0038.jpg 1 34 20 38 38
1122_0013_0008_0042_0042.jpg 1 13 8 42 42
1123_0016_0020_0065_0065.jpg 1 16 20 65 65
1124_0021_0012_0056_0056.jpg 1 21 12 56 56
1125_0032_0018_0047_0047.jpg 1 32 18 47 47
1126_0037_0005_0051_0051.jpg 1 37 5 51 51
1127_0034_0024_0039_0039.jpg 1 34 24 39 39
1128_0031_0041_0025_0025.jpg 1 31 41 25 25
1129_0007_0049_0029_0029.jpg 1 7 49 29 29
1130_0044_0041_0047_0047.jpg 1 44 41 47 47
1131_0007_0028_0062_0062.jpg 1 7 28 62 62
1132_0040_0039_0053_0053.jpg 1 40 39 53 53
1133_0032_0046_0046_0046.jpg 1 32 46 46 46
1134_0029_0013_0057_0057.jpg 1 29 13 57 57
1135_0009_0020_0045_0045.jpg 1 9 20 45 45
1136_0011_0012_0067_0067.jpg 1 11 12 67 67
1137_0046_0014_0041_0041.jpg 1 46 14 41 41
1138_0024_0021_0062_0062.jpg 1 24 21 62 62
1139_0031_0028_0042_0042.jpg 1 31 28 42 42
1140_0039_0037_0039_0039.jpg 1 39 37 39 39
1141_0037_0047_0036_0036.jpg 1 37 47 36 36
1142_0011_0027_0062_0062.jpg 1 11 27 62 62
1143_0036_0013_0031_0031.jpg 1 36 13 31 31
1144_0006_0017_0050_0050.jpg 1 6 17 50 50
1145_0011_0042_0045_0045.jpg 1 11 42 45 45
1146_0022_0020_0064_0064.jpg 1 22 20 64 64
1147_0009_0031_0064_0064.jpg 1 9 31 64 64
1148_0010_0037_0038_0038.jpg 1 10 37 38 38
1149_0004_0024_0065_0065.jpg 1 4 24 65 65
1150_0009_0030_0060_0060.jpg 1 9 30 60 60
1151_0025_0005_0065_0065.jpg 1 25 5 65 65
1152_0057_0030_0034_0034.jpg 1 57 30 34 34
1153_0047_0030_0034_0034.jpg 1 47 30 34 34
1154_0059_0051_0029_0029.jpg 1 59 51 29 29
1155_0006_0026_0063_0063.jpg 1 6 26 63 63
1156_0018_0015_0062_0062.jpg 1 18 15 62 62
1157_0051_0035_0038_0038.jpg 1 51 35 38 38
1158_0056_0010_0035_0035.jpg 1 56 10 35 35
1159_0016_0031_0062_0062.jpg 1 16 31 62 62
1160_0040_0027_0030_0030.jpg 1 40 27 30 30
1161_0011_0013_0037_0037.jpg 1 11 13 37 37
1162_0020_0025_0067_0067.jpg 1 20 25 67 67
1163_0032_0022_0028_0028.jpg 1 32 22 28 28
1164_0011_0018_0038_0038.jpg 1 11 18 38 38
1165_0031_0018_0037_0037.jpg 1 31 18 37 37
1166_0038_0052_0028_0028.jpg 1 38 52 28 28
1167_0014_0013_0049_0049.jpg 1 14 13 49 49
1168_0013_0042_0039_0039.jpg 1 13 42 39 39
1169_0012_0022_0033_0033.jpg 1 12 22 33 33
1170_0014_0034_0030_0030.jpg 1 14 34 30 30
1171_0034_0019_0024_0024.jpg 1 34 19 24 24
1172_0011_0017_0028_0028.jpg 1 11 17 28 28
1173_0055_0026_0025_0025.jpg 1 55 26 25 25
1174_0043_0031_0050_0050.jpg 1 43 31 50 50
1175_0024_0015_0067_0067.jpg 1 24 15 67 67
1176_0027_0033_0059_0059.jpg 1 27 33 59 59
1177_0050_0009_0026_0026.jpg 1 50 9 26 26
1178_0020_0041_0025_0025.jpg 1 20 41 25 25
1179_0040_0064_0028_0028.jpg 1 40 64 28 28
1180_0026_0013_0068_0068.jpg 1 26 13 68 68
1181_0039_0017_0041_0041.jpg 1 39 17 41 41
1182_0032_0034_0030_0030.jpg 1 32 34 30 30
1183_0021_0016_0041_0041.jpg 1 21 16 41 41
1184_0035_0041_0050_0050.jpg 1 35 41 50 50
1185_0026_0009_0063_0063.jpg 1 26 9 63 63
1186_0019_0019_0028_0028.jpg 1 19 19 28 28
1187_0018_0030_0066_0066.jpg 1 18 30 66 66
1188_0060_0012_0028_0028.jpg 1 60 12 28 28
1189_0011_0012_0031_0031.jpg 1 11 12 31 31
1190_0035_0013_0055_0055.jpg 1 35 13 55 55
1191_0008_0024_0040_0040.jpg 1 8 24 40 40
1192_0009_0029_0046_0046.jpg 1 9 29 46 46
1193_0005_0005_0051_0051.jpg 1 5 5 51 51
1194_0004_0015_0063_0063.jpg 1 4 15 63 63
1195_0009_0019_0035_0035.jpg 1 9 19 35 35
1196_0033_0034_0060_0060.jpg 1 33 34 60 60
1197_0017_0019_0060_0060.jpg 1 17 19 60 60
1198_0014_0033_0057_0057.jpg 1 14 33 57 57
1199_0022_0019_0049_0049.jpg 1 22 19 49 49
1200_0018_0021_0025_0025.jpg 1 18 21 25 25
1201_0049_0037_0025_0025.jpg 1 49 37 25 25
1202_0014_0014_0068_0068.jpg 1 14 14 68 68
1203_0015_0048_0025_0025.jpg 1 15 48 25 25
1204_0043_0019_0043_0043.jpg 1 43 19 43 43
1205_0020_0004_0069_0069.jpg 1 20 4 69 69
1206_0040_0042_0046_0046.jpg 1 40 42 46 46
1207_0048_0037_0025_0025.jpg 1 48 37 25 25
1208_0018_0012_0068_0068.jpg 1 18 12 68 68
1209_0022_0024_0067_0067.jpg 1 22 24 67 67
1210_0022_0026_0055_0055.jpg 1 22 26 55 55
1211_0022_0023_0059_0059.jpg 1 22 23 59 59
1212_0035_0011_0047_0047.jpg 1 35 11 47 47
1213_0015_0017_0063_0063.jpg 1 15 17 63 63
1214_0029_0013_0065_0065.jpg 1 29 13 65 65
1215_0042_0020_0052_0052.jpg 1 42 20 52 52
1216_0007_0021_0051_0051.jpg 1 7 21 51 51
1217_0041_0049_0026_0026.jpg 1 41 49 26 26
1218_0008_0022_0053_0053.jpg 1 8 22 53 53
1219_0035_0046_0035_0035.jpg 1 35 46 35 35
1220_0027_0007_0060_0060.jpg 1 27 7 60 60
1221_0026_0008_0067_0067.jpg 1 26 8 67 67
1222_0026_0012_0063_0063.jpg 1 26 12 63 63
1223_0048_0009_0045_0045.jpg 1 48 9 45 45
1224_0043_0039_0035_0035.jpg 1 43 39 35 35
1225_0013_0009_0056_0056.jpg 1 13 9 56 56
1226_0014_0046_0041_0041.jpg 1 14 46 41 41
1227_0013_0048_0045_0045.jpg 1 13 48 45 45
1228_0013_0045_0048_0048.jpg 1 13 45 48 48
1229_0024_0022_0068_0068.jpg 1 24 22 68 68
1230_0012_0036_0024_0024.jpg 1 12 36 24 24
1231_0006_0041_0052_0052.jpg 1 6 41 52 52
1232_0048_0036_0035_0035.jpg 1 48 36 35 35
1233_0055_0047_0038_0038.jpg 1 55 47 38 38
1234_0018_0007_0037_0037.jpg 1 18 7 37 37
1235_0027_0021_0044_0044.jpg 1 27 21 44 44
1236_0044_0042_0040_0040.jpg 1 44 42 40 40
1237_0047_0039_0040_0040.jpg 1 47 39 40 40
1238_0011_0009_0069_0069.jpg 1 11 9 69 69
1239_0012_0053_0032_0032.jpg 1 12 53 32 32
1240_0021_0021_0024_0024.jpg 1 21 21 24 24
1241_0051_0037_0034_0034.jpg 1 51 37 34 34
1242_0005_0007_0059_0059.jpg 1 5 7 59 59
1243_0025_0034_0059_0059.jpg 1 25 34 59 59
1244_0042_0041_0035_0035.jpg 1 42 41 35 35
1245_0042_0035_0046_0046.jpg 1 42 35 46 46
1246_0020_0017_0024_0024.jpg 1 20 17 24 24
1247_0026_0057_0032_0032.jpg 1 26 57 32 32
1248_0008_0048_0025_0025.jpg 1 8 48 25 25
1249_0010_0034_0041_0041.jpg 1 10 34 41 41
1250_0049_0061_0032_0032.jpg 1 49 61 32 32
1251_0024_0043_0047_0047.jpg 1 24 43 47 47
1252_0048_0011_0028_0028.jpg 1 48 11 28 28
1253_0023_0021_0068_0068.jpg 1 23 21 68 68
1254_0018_0010_0055_0055.jpg 1 18 10 55 55
1255_0052_0032_0040_0040.jpg 1 52 32 40 40
1256_0057_0021_0028_0028.jpg 1 57 21 28 28
1257_0024_0036_0055_0055.jpg 1 24 36 55 55
1258_0029_0039_0040_0040.jpg 1 29 39 40 40
1259_0022_0032_0048_0048.jpg 1 22 32 48 48
1260_0016_0041_0049_0049.jpg 1 16 41 49 49
1261_0029_0026_0050_0050.jpg 1 29 26 50 50
1262_0014_0015_0051_0051.jpg 1 14 15 51 51
1263_0013_0047_0045_0045.jpg 1 13 47 45 45
1264_0005_0035_0056_0056.jpg 1 5 35 56 56
1265_0029_0041_0051_0051.jpg 1 29 41 51 51
1266_0058_0062_0027_0027.jpg 1 58 62 27 27
1267_0021_0016_0029_0029.jpg 1 21 16 29 29
1268_0026_0018_0029_0029.jpg 1 26 18 29 29
1269_0028_0026_0067_0067.jpg 1 28 26 67 67
1270_0066_0056_0026_0026.jpg 1 66 56 26 26
1271_0056_0020_0027_0027.jpg 1 56 20 27 27
1272_0011_0049_0033_0033.jpg 1 11 49 33 33
1273_0007_0011_0052_0052.jpg 1 7 11 52 52
1274_0014_0032_0049_0049.jpg 1 14 32 49 49
1275_0048_0049_0031_0031.jpg 1 48 49 31 31
1276_0054_0044_0033_0033.jpg 1 54 44 33 33
1277_0025_0031_0046_0046.jpg 1 25 31 46 46
1278_0016_0029_0047_0047.jpg 1 16 29 47 47
1279_0017_0011_0025_0025.jpg 1 17 11 25 25
1280_0032_0027_0057_0057.jpg 1 32 27 57 57
1281_0058_0044_0025_0025.jpg 1 58 44 25 25
1282_0028_0024_0052_0052.jpg 1 28 24 52 52
1283_0030_0052_0034_0034.jpg 1 30 52 34 34
1284_0016_0010_0058_0058.jpg 1 16 10 58 58
1285_0023_0005_0060_0060.jpg 1 23 5 60 60
1286_0018_0037_0056_0056.jpg 1 18 37 56 56
1287_0037_0010_0052_0052.jpg 1 37 10 52 52
1288_0018_0007_0067_0067.jpg 1 18 7 67 67
1289_0034_0031_0035_0035.jpg 1 34 31 35 35
1290_0024_0050_0028_0028.jpg 1 24 50 28 28
1291_0040_0007_0029_0029.jpg 1 40 7 29 29
1292_0027_0008_0066_0066.jpg 1 27 8 66 66
1293_0009_0047_0033_0033.jpg 1 9 47 33 33
1294_0050_0016_0043_0043.jpg 1 50 16 43 43
1295_0014_0013_0056_0056.jpg 1 14 13 56 56
1296_0019_0011_0047_0047.jpg 1 19 11 47 47
1297_0031_0010_0033_0033.jpg 1 31 10 33 33
1298_0015_0034_0041_0041.jpg 1 15 34 41 41
1299_0021_0019_0032_0032.jpg 1 21 19 32 32
1300_0041_0026_0044_0044.jpg 1 41 26 44 44
1301_0007_0025_0060_0060.jpg 1 7 25 60 60
1302_0020_0024_0042_0042.jpg 1 20 24 42 42
1303_0005_0020_0061_0061.jpg 1 5 20 61 61
1304_0019_0018_0062_0062.jpg 1 19 18 62 62
1305_0016_0054_0039_0039.jpg 1 16 54 39 39
1306_0008_0020_0040_0040.jpg 1 8 20 40 40
1307_0029_0009_0051_0051.jpg 1 29 9 51 51
1308_0038_0039_0043_0043.jpg 1 38 39 43 43
1309_0042_0016_0046_0046.jpg 1 42 16 46 46
1310_0023_0030_0052_0052.jpg 1 23 30 52 52
1311_0039_0014_0054_0054.jpg 1 39 14 54 54
1312_0013_0018_0032_0032.jpg 1 13 18 32 32
1313_0035_0012_0031_0031.jpg 1 35 12 31 31
1314_0016_0007_0060_0060.jpg 1 16 7 60 60
1315_0043_0032_0048_0048.jpg 1 43 32 48 48
1316_0017_0009_0063_0063.jpg 1 17 9 63 63
1317_0053_0026_0030_0030.jpg 1 53 26 30 30
1318_0038_0050_0042_0042.jpg 1 38 50 42 42
1319_0013_0025_0053_0053.jpg 1 13 25 53 53
1320_0027_0036_0058_0058.jpg 1 27 36 58 58
1321_0007_0037_0045_0045.jpg 1 7 37 45 45
1322_0041_0045_0047_0047.jpg 1 41 45 47 47
1323_0020_0015_0054_0054.jpg 1 20 15 54 54
1324_0062_0019_0029_0029.jpg 1 62 19 29 29
1325_0013_0032_0045_0045.jpg 1 13 32 45 45
1326_0020_0009_0047_0047.jpg 1 20 9 47 47
1327_0028_0015_0057_0057.jpg 1 28 15 57 57
1328_0018_0024_0051_0051.jpg 1 18 24 51 51
1329_0025_0026_0068_0068.jpg 1 25 26 68 68
1330_0011_0030_0062_0062.jpg 1 11 30 62 62
1331_0049_0046_0043_0043.jpg 1 49 46 43 43
1332_0044_0028_0033_0033.jpg 1 44 28 33 33
1333_0051_0038_0036_0036.jpg 1 51 38 36 36
1334_0058_0014_0034_0034.jpg 1 58 14 34 34
1335_0007_0020_0039_0039.jpg 1 7 20 39 39
1336_0033_0040_0045_0045.jpg 1 33 40 45 45
1337_0046_0019_0037_0037.jpg 1 46 19 37 37
1338_0041_0009_0046_0046.jpg 1 41 9 46 46
1339_0018_0011_0053_0053.jpg 1 18 11 53 53
1340_0026_0011_0044_0044.jpg 1 26 11 44 44
1341_0020_0040_0052_0052.jpg 1 20 40 52 52
1342_0027_0008_0067_0067.jpg 1 27 8 67 67
1343_0030_0037_0044_0044.jpg 1 30 37 44 44
1344_0015_0005_0065_0065.jpg 1 15 5 65 65
1345_0007_0009_0068_0068.jpg 1 7 9 68 68
1346_0008_0019_0060_0060.jpg 1 8 19 60 60
1347_0028_0032_0063_0063.jpg 1 28 32 63 63
1348_0025_0015_0063_0063.jpg 1 25 15 63 63
1349_0030_0019_0064_0064.jpg 1 30 19 64 64
1350_0018_0029_0063_0063.jpg 1 18 29 63 63
1351_0019_0021_0059_0059.jpg 1 19 21 59 59
1352_0014_0025_0060_0060.jpg 1 14 25 60 60
1353_0032_0007_0051_0051.jpg 1 32 7 51 51
1354_0026_0026_0057_0057.jpg 1 26 26 57 57
1355_0019_0024_0059_0059.jpg 1 19 24 59 59
1356_0016_0034_0042_0042.jpg 1 16 34 42 42
1357_0029_0035_0035_0035.jpg 1 29 35 35 35
1358_0037_0021_0055_0055.jpg 1 37 21 55 55
1359_0007_0020_0051_0051.jpg 1 7 20 51 51
1360_0036_0024_0028_0028.jpg 1 36 24 28 28
1361_0017_0010_0062_0062.jpg 1 17 10 62 62
1362_0007_0024_0043_0043.jpg 1 7 24 43 43
1363_0026_0028_0061_0061.jpg 1 26 28 61 61
1364_0038_0034_0045_0045.jpg 1 38 34 45 45
1365_0025_0015_0040_0040.jpg 1 25 15 40 40
1366_0009_0026_0061_0061.jpg 1 9 26 61 61
1367_0009_0012_0038_0038.jpg 1 9 12 38 38
1368_0032_0009_0047_0047.jpg 1 32 9 47 47
1369_0020_0009_0068_0068.jpg 1 20 9 68 68
1370_0030_0006_0065_0065.jpg 1 30 6 65 65
1371_0017_0008_0045_0045.jpg 1 17 8 45 45
1372_0011_0027_0051_0051.jpg 1 11 27 51 51
1373_0045_0039_0038_0038.jpg 1 45 39 38 38
1374_0047_0019_0036_0036.jpg 1 47 19 36 36
1375_0010_0023_0037_0037.jpg 1 10 23 37 37
1376_0009_0024_0062_0062.jpg 1 9 24 62 62
1377_0008_0020_0052_0052.jpg 1 8 20 52 52
1378_0011_0023_0064_0064.jpg 1 11 23 64 64
1379_0010_0017_0062_0062.jpg 1 10 17 62 62
1380_0012_0037_0045_0045.jpg 1 12 37 45 45
1381_0037_0016_0043_0043.jpg 1 37 16 43 43
1382_0004_0014_0066_0066.jpg 1 4 14 66 66
1383_0027_0017_0065_0065.jpg 1 27 17 65 65
1384_0031_0030_0048_0048.jpg 1 31 30 48 48
1385_0057_0008_0035_0035.jpg 1 57 8 35 35
1386_0003_0023_0065_0065.jpg 1 3 23 65 65
1387_0058_0028_0034_0034.jpg 1 58 28 34 34
1388_0012_0010_0052_0052.jpg 1 12 10 52 52
1389_0041_0019_0030_0030.jpg 1 41 19 30 30
1390_0028_0026_0034_0034.jpg 1 28 26 34 34
1391_0031_0025_0045_0045.jpg 1 31 25 45 45
1392_0035_0025_0035_0035.jpg 1 35 25 35 35
1393_0022_0035_0048_0048.jpg 1 22 35 48 48
1394_0054_0010_0025_0025.jpg 1 54 10 25 25
1395_0017_0012_0058_0058.jpg 1 17 12 58 58
1396_0045_0054_0031_0031.jpg 1 45 54 31 31
1397_0006_0029_0052_0052.jpg 1 6 29 52 52
1398_0010_0017_0059_0059.jpg 1 10 17 59 59
1399_0006_0023_0061_0061.jpg 1 6 23 61 61
1400_0029_0046_0045_0045.jpg 1 29 46 45 45
1401_0037_0053_0034_0034.jpg 1 37 53 34 34
1402_0036_0054_0029_0029.jpg 1 36 54 29 29
1403_0018_0012_0065_0065.jpg 1 18 12 65 65
1404_0033_0038_0025_0025.jpg 1 33 38 25 25
1405_0011_0005_0055_0055.jpg 1 11 5 55 55
1406_0011_0034_0032_0032.jpg 1 11 34 32 32
1407_0051_0012_0031_0031.jpg 1 51 12 31 31
1408_0043_0059_0029_0029.jpg 1 43 59 29 29
1409_0010_0014_0026_0026.jpg 1 10 14 26 26
1410_0043_0015_0044_0044.jpg 1 43 15 44 44
1411_0056_0055_0028_0028.jpg 1 56 55 28 28
1412_0030_0020_0061_0061.jpg 1 30 20 61 61
1413_0033_0050_0035_0035.jpg 1 33 50 35 35
1414_0014_0026_0041_0041.jpg 1 14 26 41 41
1415_0035_0036_0055_0055.jpg 1 35 36 55 55
1416_0010_0007_0056_0056.jpg 1 10 7 56 56
1417_0044_0011_0043_0043.jpg 1 44 11 43 43
1418_0051_0035_0043_0043.jpg 1 51 35 43 43
1419_0007_0016_0054_0054.jpg 1 7 16 54 54
1420_0033_0006_0035_0035.jpg 1 33 6 35 35
1421_0059_0043_0030_0030.jpg 1 59 43 30 30
1422_0045_0027_0032_0032.jpg 1 45 27 32 32
1423_0030_0032_0063_0063.jpg 1 30 32 63 63
1424_0026_0009_0059_0059.jpg 1 26 9 59 59
1425_0009_0006_0060_0060.jpg 1 9 6 60 60
1426_0020_0053_0027_0027.jpg 1 20 53 27 27
1427_0020_0024_0055_0055.jpg 1 20 24 55 55
1428_0010_0011_0052_0052.jpg 1 10 11 52 52
1429_0025_0032_0049_0049.jpg 1 25 32 49 49
1430_0016_0027_0063_0063.jpg 1 16 27 63 63
1431_0026_0009_0060_0060.jpg 1 26 9 60 60
1432_0037_0026_0044_0044.jpg 1 37 26 44 44
1433_0009_0007_0050_0050.jpg 1 9 7 50 50
1434_0011_0019_0057_0057.jpg 1 11 19 57 57
1435_0020_0033_0061_0061.jpg 1 20 33 61 61
1436_0036_0019_0029_0029.jpg 1 36 19 29 29
1437_0024_0011_0067_0067.jpg 1 24 11 67 67
1438_0020_0014_0054_0054.jpg 1 20 14 54 54
1439_0021_0020_0058_0058.jpg 1 21 20 58 58
1440_0012_0003_0069_0069.jpg 1 12 3 69 69
1441_0009_0039_0047_0047.jpg 1 9 39 47 47
1442_0032_0025_0062_0062.jpg 1 32 25 62 62
1443_0008_0012_0042_0042.jpg 1 8 12 42 42
1444_0022_0010_0069_0069.jpg 1 22 10 69 69
1445_0053_0012_0026_0026.jpg 1 53 12 26 26
1446_0013_0035_0060_0060.jpg 1 13 35 60 60
1447_0024_0032_0037_0037.jpg 1 24 32 37 37
1448_0057_0049_0032_0032.jpg 1 57 49 32 32
1449_0027_0025_0046_0046.jpg 1 27 25 46 46
1450_0052_0056_0035_0035.jpg 1 52 56 35 35
1451_0044_0037_0046_0046.jpg 1 44 37 46 46
1452_0021_0050_0033_0033.jpg 1 21 50 33 33
1453_0012_0011_0065_0065.jpg 1 12 11 65 65
1454_0030_0037_0044_0044.jpg 1 30 37 44 44
1455_0028_0012_0053_0053.jpg 1 28 12 53 53
1456_0042_0011_0043_0043.jpg 1 42 11 43 43
1457_0015_0005_0053_0053.jpg 1 15 5 53 53
1458_0033_0032_0024_0024.jpg 1 33 32 24 24
1459_0025_0006_0060_0060.jpg 1 25 6 60 60
1460_0033_0016_0045_0045.jpg 1 33 16 45 45
1461_0023_0014_0048_0048.jpg 1 23 14 48 48
1462_0019_0012_0039_0039.jpg 1 19 12 39 39
1463_0029_0033_0060_0060.jpg 1 29 33 60 60
1464_0037_0012_0042_0042.jpg 1 37 12 42 42
1465_0006_0019_0069_0069.jpg 1 6 19 69 69
1466_0014_0023_0062_0062.jpg 1 14 23 62 62
1467_0011_0028_0036_0036.jpg 1 11 28 36 36
1468_0031_0023_0053_0053.jpg 1 31 23 53 53
1469_0020_0017_0035_0035.jpg 1 20 17 35 35
1470_0023_0039_0042_0042.jpg 1 23 39 42 42
1471_0060_0018_0027_0027.jpg 1 60 18 27 27
1472_0050_0026_0041_0041.jpg 1 50 26 41 41
1473_0017_0032_0062_0062.jpg 1 17 32 62 62
1474_0026_0033_0061_0061.jpg 1 26 33 61 61
1475_0037_0034_0037_0037.jpg 1 37 34 37 37
1476_0027_0024_0054_0054.jpg 1 27 24 54 54
1477_0028_0054_0034_0034.jpg 1 28 54 34 34
1478_0025_0024_0032_0032.jpg 1 25 24 32 32
1479_0017_0056_0025_0025.jpg 1 17 56 25 25
1480_0040_0050_0025_0025.jpg 1 40 50 25 25
1481_0025_0016_0050_0050.jpg 1 25 16 50 50
1482_0023_0006_0057_0057.jpg 1 23 6 57 57
1483_0012_0012_0065_0065.jpg 1 12 12 65 65
1484_0032_0029_0028_0028.jpg 1 32 29 28 28
1485_0040_0031_0049_0049.jpg 1 40 31 49 49
1486_0013_0016_0046_0046.jpg 1 13 16 46 46
1487_0018_0010_0041_0041.jpg 1 18 10 41 41
1488_0049_0047_0029_0029.jpg 1 49 47 29 29
1489_0005_0025_0045_0045.jpg 1 5 25 45 45
1490_0016_0041_0043_0043.jpg 1 16 41 43 43
1491_0018_0019_0031_0031.jpg 1 18 19 31 31
1492_0019_0045_0029_0029.jpg 1 19 45 29 29
1493_0009_0023_0062_0062.jpg 1 9 23 62 62
1494_0025_0039_0043_0043.jpg 1 25 39 43 43
1495_0054_0028_0029_0029.jpg 1 54 28 29 29
1496_0011_0018_0068_0068.jpg 1 11 18 68 68
1497_0028_0033_0058_0058.jpg 1 28 33 58 58
1498_0011_0028_0038_0038.jpg 1 11 28 38 38
1499_0036_0060_0026_0026.jpg 1 36 60 26 26
1500_0017_0029_0028_0028.jpg 1 17 29 28 28
1501_0021_0059_0026_0026.jpg 1 21 59 26 26
1502_0016_0026_0027_0027.jpg 1 16 26 27 27
1503_0023_0021_0035_0035.jpg 1 23 21 35 35
1504_0025_0025_0045_0045.jpg 1 25 25 45 45
1505_0021_0013_0060_0060.jpg 1 21 13 60 60
1506_0045_0031_0043_0043.jpg 1 45 31 43 43
1507_0039_0038_0052_0052.jpg 1 39 38 52 52
1508_0004_0009_0060_0060.jpg 1 4 9 60 60
1509_0024_0025_0040_0040.jpg 1 24 25 40 40
1510_0024_0044_0031_0031.jpg 1 24 44 31 31
1511_0021_0014_0054_0054.jpg 1 21 14 54 54
1512_0049_0017_0042_0042.jpg 1 49 17 42 42
1513_0031_0031_0059_0059.jpg 1 31 31 59 59
1514_0037_0044_0026_0026.jpg 1 37 44 26 26
1515_0038_0023_0028_0028.jpg 1 38 23 28 28
1516_0046_0030_0040_0040.jpg 1 46 30 40 40
1517_0022_0023_0057_0057.jpg 1 22 23 57 57
1518_0050_0051_0028_0028.jpg 1 50 51 28 28
1519_0029_0026_0060_0060.jpg 1 29 26 60 60
1520_0024_0024_0054_0054.jpg 1 24 24 54 54
1521_0033_0012_0053_0053.jpg 1 33 12 53 53
1522_0031_0044_0047_0047.jpg 1 31 44 47 47
1523_0015_0013_0062_0062.jpg 1 15 13 62 62
1524_0039_0016_0050_0050.jpg 1 39 16 50 50
1525_0017_0015_0067_0067.jpg 1 17 15 67 67
1526_0034_0023_0044_0044.jpg 1 34 23 44 44
1527_0017_0026_0050_0050.jpg 1 17 26 50 50
1528_0023_0008_0068_0068.jpg 1 23 8 68 68
1529_0018_0038_0037_0037.jpg 1 18 38 37 37
1530_0026_0042_0042_0042.jpg 1 26 42 42 42
1531_0008_0020_0037_0037.jpg 1 8 20 37 37
1532_0011_0030_0056_0056.jpg 1 11 30 56 56
1533_0006_0016_0048_0048.jpg 1 6 16 48 48
1534_0029_0030_0060_0060.jpg 1 29 30 60 60
1535_0023_0024_0052_0052.jpg 1 23 24 52 52
1536_0018_0030_0031_0031.jpg 1 18 30 31 31
1537_0024_0046_0042_0042.jpg 1 24 46 42 42
1538_0042_0021_0031_0031.jpg 1 42 21 31 31
1539_0007_0026_0063_0063.jpg 1 7 26 63 63
1540_0049_0066_0026_0026.jpg 1 49 66 26 26
1541_0042_0017_0034_0034.jpg 1 42 17 34 34
1542_0016_0049_0029_0029.jpg 1 16 49 29 29
1543_0032_0047_0045_0045.jpg 1 32 47 45 45
1544_0014_0037_0051_0051.jpg 1 14 37 51 51
1545_0036_0020_0049_0049.jpg 1 36 20 49 49
1546_0057_0029_0026_0026.jpg 1 57 29 26 26
1547_0010_0022_0069_0069.jpg 1 10 22 69 69
1548_0024_0007_0059_0059.jpg 1 24 7 59 59
1549_0044_0033_0036_0036.jpg 1 44 33 36 36
1550_0007_0014_0061_0061.jpg 1 7 14 61 61
1551_0010_0037_0044_0044.jpg 1 10 37 44 44
1552_0016_0021_0065_0065.jpg 1 16 21 65 65
1553_0013_0055_0027_0027.jpg 1 13 55 27 27
1554_0015_0015_0059_0059.jpg 1 15 15 59 59
1555_0007_0034_0057_0057.jpg 1 7 34 57 57
1556_0043_0020_0043_0043.jpg 1 43 20 43 43
1557_0015_0026_0063_0063.jpg 1 15 26 63 63
1558_0015_0021_0062_0062.jpg 1 15 21 62 62
1559_0031_0038_0056_0056.jpg 1 31 38 56 56
1560_0014_0011_0048_0048.jpg 1 14 11 48 48
1561_0037_0034_0035_0035.jpg 1 37 34 35 35
1562_0044_0012_0032_0032.jpg 1 44 12 32 32
1563_0031_0006_0037_0037.jpg 1 31 6 37 37
1564_0022_0026_0050_0050.jpg 1 22 26 50 50
1565_0023_0030_0065_0065.jpg 1 23 30 65 65
1566_0033_0026_0049_0049.jpg 1 33 26 49 49
1567_0009_0043_0036_0036.jpg 1 9 43 36 36
1568_0041_0035_0036_0036.jpg 1 41 35 36 36
1569_0012_0040_0037_0037.jpg 1 12 40 37 37
1570_0018_0026_0069_0069.jpg 1 18 26 69 69
1571_0011_0065_0026_0026.jpg 1 11 65 26 26
1572_0036_0062_0026_0026.jpg 1 36 62 26 26
1573_0006_0018_0064_0064.jpg 1 6 18 64 64
1574_0026_0019_0045_0045.jpg 1 26 19 45 45
1575_0023_0025_0066_0066.jpg 1 23 25 66 66
1576_0021_0016_0060_0060.jpg 1 21 16 60 60
1577_0023_0014_0048_0048.jpg 1 23 14 48 48
1578_0047_0063_0026_0026.jpg 1 47 63 26 26
1579_0028_0008_0054_0054.jpg 1 28 8 54 54
1580_0057_0011_0033_0033.jpg 1 57 11 33 33
1581_0013_0031_0035_0035.jpg 1 13 31 35 35
1582_0026_0032_0054_0054.jpg 1 26 32 54 54
1583_0014_0022_0053_0053.jpg 1 14 22 53 53
1584_0028_0011_0068_0068.jpg 1 28 11 68 68
1585_0009_0029_0031_0031.jpg 1 9 29 31 31
1586_0036_0056_0031_0031.jpg 1 36 56 31 31
1587_0006_0012_0047_0047.jpg 1 6 12 47 47
1588_0030_0050_0032_0032.jpg 1 30 50 32 32
1589_0022_0042_0038_0038.jpg 1 22 42 38 38
1590_0042_0023_0046_0046.jpg 1 42 23 46 46
1591_0024_0012_0059_0059.jpg 1 24 12 59 59
1592_0022_0061_0031_0031.jpg 1 22 61 31 31
1593_0015_0031_0061_0061.jpg 1 15 31 61 61
1594_0027_0014_0064_0064.jpg 1 27 14 64 64
1595_0043_0007_0048_0048.jpg 1 43 7 48 48
1596_0010_0026_0038_0038.jpg 1 10 26 38 38
1597_0013_0049_0042_0042.jpg 1 13 49 42 42
1598_0018_0025_0065_0065.jpg 1 18 25 65 65
1599_0019_0055_0030_0030.jpg 1 19 55 30 30
1600_0035_0011_0044_0044.jpg 1 35 11 44 44
1601_0055_0018_0029_0029.jpg 1 55 18 29 29
1602_0010_0014_0065_0065.jpg 1 10 14 65 65
1603_0018_0010_0034_0034.jpg 1 18 10 34 34
1604_0034_0024_0053_0053.jpg 1 34 24 53 53
1605_0003_0005_0064_0064.jpg 1 3 5 64 64
1606_0011_0012_0069_0069.jpg 1 11 12 69 69
1607_0032_0012_0060_0060.jpg 1 32 12 60 60
1608_0018_0008_0045_0045.jpg 1 18 8 45 45
1609_0056_0044_0028_0028.jpg 1 56 44 28 28
1610_0016_0012_0056_0056.jpg 1 16 12 56 56
1611_0036_0037_0043_0043.jpg 1 36 37 43 43
1612_0021_0041_0030_0030.jpg 1 21 41 30 30
1613_0023_0024_0048_0048.jpg 1 23 24 48 48
1614_0033_0049_0025_0025.jpg 1 33 49 25 25
1615_0039_0031_0034_0034.jpg 1 39 31 34 34
1616_0055_0049_0038_0038.jpg 1 55 49 38 38
1617_0026_0024_0042_0042.jpg 1 26 24 42 42
1618_0055_0047_0031_0031.jpg 1 55 47 31 31
1619_0050_0043_0029_0029.jpg 1 50 43 29 29
1620_0006_0015_0062_0062.jpg 1 6 15 62 62
1621_0028_0040_0028_0028.jpg 1 28 40 28 28
1622_0013_0019_0069_0069.jpg 1 13 19 69 69
1623_0023_0031_0063_0063.jpg 1 23 31 63 63
1624_0028_0025_0057_0057.jpg 1 28 25 57 57
1625_0031_0014_0054_0054.jpg 1 31 14 54 54
1626_0009_0021_0067_0067.jpg 1 9 21 67 67
1627_0016_0023_0054_0054.jpg 1 16 23 54 54
1628_0024_0041_0038_0038.jpg 1 24 41 38 38
1629_0050_0044_0031_0031.jpg 1 50 44 31 31
1630_0032_0008_0026_0026.jpg 1 32 8 26 26
1631_0056_0024_0030_0030.jpg 1 56 24 30 30
1632_0004_0022_0065_0065.jpg 1 4 22 65 65
1633_0018_0016_0059_0059.jpg 1 18 16 59 59
1634_0019_0014_0059_0059.jpg 1 19 14 59 59
1635_0049_0025_0039_0039.jpg 1 49 25 39 39
1636_0010_0013_0053_0053.jpg 1 10 13 53 53
1637_0009_0041_0040_0040.jpg 1 9 41 40 40
1638_0022_0027_0041_0041.jpg 1 22 27 41 41
1639_0049_0011_0032_0032.jpg 1 49 11 32 32
1640_0034_0049_0038_0038.jpg 1 34 49 38 38
1641_0043_0031_0038_0038.jpg 1 43 31 38 38
1642_0011_0021_0034_0034.jpg 1 11 21 34 34
1643_0022_0014_0068_0068.jpg 1 22 14 68 68
1644_0041_0046_0030_0030.jpg 1 41 46 30 30
1645_0010_0017_0033_0033.jpg 1 10 17 33 33
1646_0021_0016_0042_0042.jpg 1 21 16 42 42
1647_0010_0025_0066_0066.jpg 1 10 25 66 66
1648_0038_0027_0047_0047.jpg 1 38 27 47 47
1649_0025_0045_0049_0049.jpg 1 25 45 49 49
1650_0032_0030_0042_0042.jpg 1 32 30 42 42
1651_0005_0012_0067_0067.jpg 1 5 12 67 67
1652_0032_0020_0053_0053.jpg 1 32 20 53 53
1653_0044_0059_0024_0024.jpg 1 44 59 24 24
1654_0038_0023_0052_0052.jpg 1 38 23 52 52
1655_0038_0059_0025_0025.jpg 1 38 59 25 25
1656_0030_0048_0036_0036.jpg 1 30 48 36 36
1657_0024_0004_0059_0059.jpg 1 24 4 59 59
1658_0043_0032_0050_0050.jpg 1 43 32 50 50
1659_0017_0040_0054_0054.jpg 1 17 40 54 54
1660_0012_0010_0052_0052.jpg 1 12 10 52 52
1661_0054_0047_0026_0026.jpg 1 54 47 26 26
1662_0011_0012_0057_0057.jpg 1 11 12 57 57
1663_0027_0007_0066_0066.jpg 1 27 7 66 66
1664_0025_0047_0043_0043.jpg 1 25 47 43 43
1665_0036_0050_0039_0039.jpg 1 36 50 39 39
1666_0026_0009_0053_0053.jpg 1 26 9 53 53
1667_0051_0040_0024_0024.jpg 1 51 40 24 24
1668_0031_0027_0056_0056.jpg 1 31 27 56 56
1669_0027_0026_0069_0069.jpg 1 27 26 69 69
1670_0021_0008_0059_0059.jpg 1 21 8 59 59
1671_0039_0045_0046_0046.jpg 1 39 45 46 46
1672_0037_0017_0034_0034.jpg 1 37 17 34 34
1673_0015_0013_0051_0051.jpg 1 15 13 51 51
1674_0028_0047_0040_0040.jpg 1 28 47 40 40
1675_0022_0034_0031_0031.jpg 1 22 34 31 31
1676_0029_0009_0061_0061.jpg 1 29 9 61 61
1677_0014_0011_0069_0069.jpg 1 14 11 69 69
1678_0022_0044_0036_0036.jpg 1 22 44 36 36
1679_0039_0022_0034_0034.jpg 1 39 22 34 34
1680_0053_0019_0039_0039.jpg 1 53 19 39 39
1681_0030_0029_0048_0048.jpg 1 30 29 48 48
1682_0024_0040_0051_0051.jpg 1 24 40 51 51
1683_0008_0051_0031_0031.jpg 1 8 51 31 31
1684_0033_0024_0039_0039.jpg 1 33 24 39 39
1685_0048_0013_0044_0044.jpg 1 48 13 44 44
1686_0022_0028_0046_0046.jpg 1 22 28 46 46
1687_0028_0009_0038_0038.jpg 1 28 9 38 38
1688_0031_0042_0039_0039.jpg 1 31 42 39 39
1689_0015_0015_0065_0065.jpg 1 15 15 65 65
1690_0003_0030_0063_0063.jpg 1 3 30 63 63
1691_0029_0057_0030_0030.jpg 1 29 57 30 30
1692_0032_0025_0041_0041.jpg 1 32 25 41 41
1693_0007_0017_0043_0043.jpg 1 7 17 43 43
1694_0025_0017_0035_0035.jpg 1 25 17 35 35
1695_0046_0023_0040_0040.jpg 1 46 23 40 40
1696_0021_0005_0058_0058.jpg 1 21 5 58 58
1697_0021_0013_0047_0047.jpg 1 21 13 47 47
1698_0027_0028_0058_0058.jpg 1 27 28 58 58
1699_0042_0037_0042_0042.jpg 1 42 37 42 42
1700_0037_0010_0046_0046.jpg 1 37 10 46 46
1701_0032_0028_0033_0033.jpg 1 32 28 33 33
1702_0016_0053_0038_0038.jpg 1 16 53 38 38
1703_0042_0025_0024_0024.jpg 1 42 25 24 24
1704_0028_0007_0067_0067.jpg 1 28 7 67 67
1705_0034_0007_0038_0038.jpg 1 34 7 38 38
1706_0011_0009_0025_0025.jpg 1 11 9 25 25
1707_0010_0024_0065_0065.jpg 1 10 24 65 65
1708_0015_0022_0059_0059.jpg 1 15 22 59 59
1709_0035_0030_0026_0026.jpg 1 35 30 26 26
1710_0044_0013_0024_0024.jpg 1 44 13 24 24
1711_0038_0026_0049_0049.jpg 1 38 26 49 49
1712_0018_0019_0030_0030.jpg 1 18 19 30 30
1713_0041_0031_0053_0053.jpg 1 41 31 53 53
1714_0023_0026_0041_0041.jpg 1 23 26 41 41
1715_0036_0006_0035_0035.jpg 1 36 6 35 35
1716_0018_0036_0044_0044.jpg 1 18 36 44 44
1717_0019_0035_0048_0048.jpg 1 19 35 48 48
1718_0011_0020_0057_0057.jpg 1 11 20 57 57
1719_0012_0035_0028_0028.jpg 1 12 35 28 28
1720_0036_0043_0050_0050.jpg 1 36 43 50 50
1721_0054_0016_0038_0038.jpg 1 54 16 38 38
1722_0028_0027_0057_0057.jpg 1 28 27 57 57
1723_0019_0019_0063_0063.jpg 1 19 19 63 63
1724_0023_0029_0062_0062.jpg 1 23 29 62 62
1725_0019_0031_0056_0056.jpg 1 19 31 56 56
1726_0018_0043_0030_0030.jpg 1 18 43 30 30
1727_0021_0052_0026_0026.jpg 1 21 52 26 26
1728_0016_0028_0045_0045.jpg 1 16 28 45 45
1729_0015_0026_0056_0056.jpg 1 15 26 56 56
1730_0009_0009_0050_0050.jpg 1 9 9 50 50
1731_0038_0029_0034_0034.jpg 1 38 29 34 34
1732_0013_0014_0049_0049.jpg 1 13 14 49 49
1733_0020_0026_0052_0052.jpg 1 20 26 52 52
1734_0058_0044_0024_0024.jpg 1 58 44 24 24
1735_0056_0028_0037_0037.jpg 1 56 28 37 37
1736_0037_0024_0037_0037.jpg 1 37 24 37 37
1737_0043_0007_0030_0030.jpg 1 43 7 30 30
1738_0033_0006_0052_0052.jpg 1 33 6 52 52
1739_0052_0060_0028_0028.jpg 1 52 60 28 28
1740_0026_0030_0063_0063.jpg 1 26 30 63 63
1741_0006_0016_0064_0064.jpg 1 6 16 64 64
1742_0015_0020_0061_0061.jpg 1 15 20 61 61
1743_0018_0014_0067_0067.jpg 1 18 14 67 67
1744_0051_0048_0029_0029.jpg 1 51 48 29 29
1745_0020_0009_0049_0049.jpg 1 20 9 49 49
1746_0047_0008_0043_0043.jpg 1 47 8 43 43
1747_0008_0032_0059_0059.jpg 1 8 32 59 59
1748_0014_0042_0026_0026.jpg 1 14 42 26 26
1749_0031_0017_0043_0043.jpg 1 31 17 43 43
1750_0017_0035_0025_0025.jpg 1 17 35 25 25
1751_0028_0046_0032_0032.jpg 1 28 46 32 32
1752_0061_0025_0026_0026.jpg 1 61 25 26 26
1753_0030_0015_0032_0032.jpg 1 30 15 32 32
1754_0020_0040_0047_0047.jpg 1 20 40 47 47
1755_0020_0036_0040_0040.jpg 1 20 36 40 40
1756_0034_0051_0032_0032.jpg 1 34 51 32 32
1757_0011_0020_0031_0031.jpg 1 11 20 31 31
1758_0020_0018_0044_0044.jpg 1 20 18 44 44
1759_0027_0057_0025_0025.jpg 1 27 57 25 25
1760_0031_0035_0042_0042.jpg 1 31 35 42 42
1761_0031_0019_0058_0058.jpg 1 31 19 58 58
1762_0033_0039_0038_0038.jpg 1 33 39 38 38
1763_0011_0016_0063_0063.jpg 1 11 16 63 63
1764_0010_0052_0030_0030.jpg 1 10 52 30 30
1765_0016_0012_0053_0053.jpg 1 16 12 53 53
1766_0009_0029_0061_0061.jpg 1 9 29 61 61
1767_0038_0012_0024_0024.jpg 1 38 12 24 24
1768_0022_0027_0062_0062.jpg 1 22 27 62 62
1769_0052_0031_0041_0041.jpg 1 52 31 41 41
1770_0050_0010_0040_0040.jpg 1 50 10 40 40
1771_0024_0044_0040_0040.jpg 1 24 44 40 40
1772_0036_0027_0044_0044.jpg 1 36 27 44 44
1773_0034_0041_0042_0042.jpg 1 34 41 42 42
1774_0009_0005_0066_0066.jpg 1 9 5 66 66
1775_0013_0018_0058_0058.jpg 1 13 18 58 58
1776_0031_0020_0043_0043.jpg 1 31 20 43 43
1777_0021_0010_0058_0058.jpg 1 21 10 58 58
1778_0053_0016_0031_0031.jpg 1 53 16 31 31
1779_0019_0015_0062_0062.jpg 1 19 15 62 62
1780_0042_0029_0035_0035.jpg 1 42 29 35 35
1781_0011_0047_0043_0043.jpg 1 11 47 43 43
1782_0048_0062_0027_0027.jpg 1 48 62 27 27
1783_0040_0053_0039_0039.jpg 1 40 53 39 39
1784_0030_0020_0038_0038.jpg 1 30 20 38 38
1785_0008_0037_0030_0030.jpg 1 8 37 30 30
1786_0046_0010_0043_0043.jpg 1 46 10 43 43
1787_0014_0041_0046_0046.jpg 1 14 41 46 46
1788_0035_0035_0059_0059.jpg 1 35 35 59 59
1789_0025_0040_0040_0040.jpg 1 25 40 40 40
1790_0028_0022_0039_0039.jpg 1 28 22 39 39
1791_0010_0012_0048_0048.jpg 1 10 12 48 48
1792_0009_0036_0054_0054.jpg 1 9 36 54 54
1793_0056_0034_0033_0033.jpg 1 56 34 33 33
1794_0014_0012_0054_0054.jpg 1 14 12 54 54
1795_0033_0014_0049_0049.jpg 1 33 14 49 49
1796_0011_0009_0061_0061.jpg 1 11 9 61 61
1797_0059_0018_0026_0026.jpg 1 59 18 26 26
1798_0023_0011_0035_0035.jpg 1 23 11 35 35
1799_0046_0011_0041_0041.jpg 1 46 11 41 41
1800_0028_0010_0059_0059.jpg 1 28 10 59 59
1801_0010_0043_0034_0034.jpg 1 10 43 34 34
1802_0017_0021_0060_0060.jpg 1 17 21 60 60
1803_0014_0044_0046_0046.jpg 1 14 44 46 46
1804_0013_0037_0029_0029.jpg 1 13 37 29 29
1805_0028_0022_0039_0039.jpg 1 28 22 39 39
1806_0008_0024_0029_0029.jpg 1 8 24 29 29
1807_0022_0038_0043_0043.jpg 1 22 38 43 43
1808_0028_0016_0067_0067.jpg 1 28 16 67 67
1809_0013_0035_0059_0059.jpg 1 13 35 59 59
1810_0025_0029_0066_0066.jpg 1 25 29 66 66
1811_0057_0038_0026_0026.jpg 1 57 38 26 26
1812_0025_0008_0038_0038.jpg 1 25 8 38 38
1813_0023_0036_0046_0046.jpg 1 23 36 46 46
1814_0032_0022_0055_0055.jpg 1 32 22 55 55
1815_0021_0018_0063_0063.jpg 1 21 18 63 63
1816_0013_0005_0059_0059.jpg 1 13 5 59 59
1817_0030_0040_0026_0026.jpg 1 30 40 26 26
1818_0021_0048_0034_0034.jpg 1 21 48 34 34
1819_0012_0032_0059_0059.jpg 1 12 32 59 59
1820_0016_0009_0061_0061.jpg 1 16 9 61 61
1821_0018_0027_0069_0069.jpg 1 18 27 69 69
1822_0017_0038_0049_0049.jpg 1 17 38 49 49
1823_0032_0017_0051_0051.jpg 1 32 17 51 51
1824_0020_0045_0026_0026.jpg 1 20 45 26 26
1825_0038_0023_0043_0043.jpg 1 38 23 43 43
1826_0030_0015_0033_0033.jpg 1 30 15 33 33
1827_0030_0020_0061_0061.jpg 1 30 20 61 61
1828_0025_0034_0056_0056.jpg 1 25 34 56 56
1829_0026_0014_0057_0057.jpg 1 26 14 57 57
1830_0007_0051_0027_0027.jpg 1 7 51 27 27
1831_0024_0066_0025_0025.jpg 1 24 66 25 25
1832_0018_0018_0059_0059.jpg 1 18 18 59 59
1833_0043_0027_0047_0047.jpg 1 43 27 47 47
1834_0021_0007_0069_0069.jpg 1 21 7 69 69
1835_0025_0050_0035_0035.jpg 1 25 50 35 35
1836_0025_0023_0063_0063.jpg 1 25 23 63 63
1837_0023_0022_0029_0029.jpg 1 23 22 29 29
1838_0005_0011_0051_0051.jpg 1 5 11 51 51
1839_0029_0011_0064_0064.jpg 1 29 11 64 64
1840_0015_0034_0036_0036.jpg 1 15 34 36 36
1841_0004_0020_0056_0056.jpg 1 4 20 56 56
1842_0016_0034_0040_0040.jpg 1 16 34 40 40
1843_0021_0014_0026_0026.jpg 1 21 14 26 26
1844_0030_0026_0046_0046.jpg 1 30 26 46 46
1845_0028_0031_0065_0065.jpg 1 28 31 65 65
1846_0040_0045_0045_0045.jpg 1 40 45 45 45
1847_0011_0026_0053_0053.jpg 1 11 26 53 53
1848_0026_0014_0044_0044.jpg 1 26 14 44 44
1849_0008_0017_0063_0063.jpg 1 8 17 63 63
1850_0023_0018_0045_0045.jpg 1 23 18 45 45
1851_0060_0020_0030_0030.jpg 1 60 20 30 30
1852_0029_0047_0037_0037.jpg 1 29 47 37 37
1853_0028_0006_0041_0041.jpg 1 28 6 41 41
1854_0048_0026_0042_0042.jpg 1 48 26 42 42
1855_0023_0011_0063_0063.jpg 1 23 11 63 63
1856_0020_0021_0045_0045.jpg 1 20 21 45 45
1857_0039_0030_0035_0035.jpg 1 39 30 35 35
1858_0004_0027_0066_0066.jpg 1 4 27 66 66
1859_0027_0008_0056_0056.jpg 1 27 8 56 56
1860_0032_0011_0033_0033.jpg 1 32 11 33 33
1861_0057_0017_0034_0034.jpg 1 57 17 34 34
1862_0013_0009_0058_0058.jpg 1 13 9 58 58
1863_0026_0008_0061_0061.jpg 1 26 8 61 61
1864_0024_0028_0055_0055.jpg 1 24 28 55 55
1865_0020_0011_0054_0054.jpg 1 20 11 54 54
1866_0025_0008_0067_0067.jpg 1 25 8 67 67
1867_0006_0014_0046_0046.jpg 1 6 14 46 46
1868_0029_0054_0039_0039.jpg 1 29 54 39 39
1869_0029_0023_0030_0030.jpg 1 29 23 30 30
1870_0030_0047_0042_0042.jpg 1 30 47 42 42
1871_0026_0068_0024_0024.jpg 1 26 68 24 24
1872_0038_0027_0052_0052.jpg 1 38 27 52 52
1873_0037_0050_0035_0035.jpg 1 37 50 35 35
1874_0004_0023_0062_0062.jpg 1 4 23 62 62
1875_0032_0022_0058_0058.jpg 1 32 22 58 58
1876_0036_0053_0039_0039.jpg 1 36 53 39 39
1877_0053_0040_0040_0040.jpg 1 53 40 40 40
1878_0014_0012_0038_0038.jpg 1 14 12 38 38
1879_0012_0006_0057_0057.jpg 1 12 6 57 57
1880_0033_0017_0061_0061.jpg 1 33 17 61 61
1881_0028_0021_0059_0059.jpg 1 28 21 59 59
1882_0026_0054_0036_0036.jpg 1 26 54 36 36
1883_0014_0050_0032_0032.jpg 1 14 50 32 32
1884_0020_0020_0069_0069.jpg 1 20 20 69 69
1885_0009_0009_0038_0038.jpg 1 9 9 38 38
1886_0010_0008_0059_0059.jpg 1 10 8 59 59
1887_0041_0061_0027_0027.jpg 1 41 61 27 27
1888_0013_0035_0051_0051.jpg 1 13 35 51 51
1889_0007_0005_0046_0046.jpg 1 7 5 46 46
1890_0033_0054_0026_0026.jpg 1 33 54 26 26
1891_0028_0035_0047_0047.jpg 1 28 35 47 47
1892_0020_0013_0050_0050.jpg 1 20 13 50 50
1893_0042_0027_0040_0040.jpg 1 42 27 40 40
1894_0025_0021_0059_0059.jpg 1 25 21 59 59
1895_0017_0031_0047_0047.jpg 1 17 31 47 47
1896_0026_0034_0057_0057.jpg 1 26 34 57 57
1897_0030_0026_0026_0026.jpg 1 30 26 26 26
1898_0055_0043_0031_0031.jpg 1 55 43 31 31
1899_0059_0032_0028_0028.jpg 1 59 32 28 28
1900_0031_0018_0053_0053.jpg 1 31 18 53 53
1901_0052_0065_0027_0027.jpg 1 52 65 27 27
1902_0047_0063_0028_0028.jpg 1 47 63 28 28
1903_0005_0018_0065_0065.jpg 1 5 18 65 65
1904_0008_0015_0053_0053.jpg 1 8 15 53 53
1905_0021_0016_0059_0059.jpg 1 21 16 59 59
1906_0008_0011_0052_0052.jpg 1 8 11 52 52
1907_0011_0024_0064_0064.jpg 1 11 24 64 64
1908_0026_0008_0069_0069.jpg 1 26 8 69 69
1909_0009_0012_0060_0060.jpg 1 9 12 60 60
1910_0056_0037_0025_0025.jpg 1 56 37 25 25
1911_0025_0035_0033_0033.jpg 1 25 35 33 33
1912_0033_0015_0048_0048.jpg 1 33 15 48 48
1913_0007_0034_0039_0039.jpg 1 7 34 39 39
1914_0040_0034_0048_0048.jpg 1 40 34 48 48
1915_0048_0049_0030_0030.jpg 1 48 49 30 30
1916_0024_0008_0058_0058.jpg 1 24 8 58 58
1917_0026_0031_0049_0049.jpg 1 26 31 49 49
1918_0041_0008_0026_0026.jpg 1 41 8 26 26
1919_0034_0056_0029_0029.jpg 1 34 56 29 29
1920_0005_0030_0055_0055.jpg 1 5 30 55 55
1921_0013_0023_0065_0065.jpg 1 13 23 65 65
1922_0014_0038_0054_0054.jpg 1 14 38 54 54
1923_0016_0045_0039_0039.jpg 1 16 45 39 39
1924_0009_0050_0026_0026.jpg 1 9 50 26 26
1925_0018_0015_0069_0069.jpg 1 18 15 69 69
1926_0040_0027_0037_0037.jpg 1 40 27 37 37
1927_0027_0022_0053_0053.jpg 1 27 22 53 53
1928_0009_0046_0044_0044.jpg 1 9 46 44 44
1929_0038_0024_0053_0053.jpg 1 38 24 53 53
1930_0027_0011_0044_0044.jpg 1 27 11 44 44
1931_0024_0049_0036_0036.jpg 1 24 49 36 36
1932_0023_0015_0028_0028.jpg 1 23 15 28 28
1933_0022_0037_0055_0055.jpg 1 22 37 55 55
1934_0032_0009_0053_0053.jpg 1 32 9 53 53
1935_0030_0038_0037_0037.jpg 1 30 38 37 37
1936_0011_0028_0066_0066.jpg 1 11 28 66 66
1937_0010_0048_0031_0031.jpg 1 10 48 31 31
1938_0018_0016_0066_0066.jpg 1 18 16 66 66
1939_0019_0042_0032_0032.jpg 1 19 42 32 32
1940_0018_0021_0053_0053.jpg 1 18 21 53 53
1941_0046_0026_0046_0046.jpg 1 46 26 46 46
1942_0035_0021_0048_0048.jpg 1 35 21 48 48
1943_0005_0019_0057_0057.jpg 1 5 19 57 57
1944_0032_0023_0060_0060.jpg 1 32 23 60 60
1945_0056_0016_0035_0035.jpg 1 56 16 35 35
1946_0036_0029_0054_0054.jpg 1 36 29 54 54
1947_0050_0015_0041_0041.jpg 1 50 15 41 41
1948_0021_0010_0026_0026.jpg 1 21 10 26 26
1949_0011_0028_0039_0039.jpg 1 11 28 39 39
1950_0023_0031_0055_0055.jpg 1 23 31 55 55
